{"meta": {"format": 3, "version": "7.13.5", "timestamp": "2026-04-30T00:56:40.371478", "branch_coverage": true, "show_contexts": false}, "files": {"src/rekipedia/__init__.py": {"executed_lines": [2], "summary": {"covered_lines": 1, "num_statements": 1, "percent_covered": 100.0, "percent_covered_display": "100", "missing_lines": 0, "excluded_lines": 0, "percent_statements_covered": 100.0, "percent_statements_covered_display": "100", "num_branches": 0, "num_partial_branches": 0, "covered_branches": 0, "missing_branches": 0, "percent_branches_covered": 100.0, "percent_branches_covered_display": "100"}, "missing_lines": [], "excluded_lines": [], "executed_branches": [], "missing_branches": [], "functions": {"": {"executed_lines": [2], "summary": {"covered_lines": 1, "num_statements": 1, "percent_covered": 100.0, "percent_covered_display": "100", "missing_lines": 0, "excluded_lines": 0, "percent_statements_covered": 100.0, "percent_statements_covered_display": "100", "num_branches": 0, "num_partial_branches": 0, "covered_branches": 0, "missing_branches": 0, "percent_branches_covered": 100.0, "percent_branches_covered_display": "100"}, "missing_lines": [], "excluded_lines": [], "start_line": 1, "executed_branches": [], "missing_branches": []}}, "classes": {"": {"executed_lines": [2], "summary": {"covered_lines": 1, "num_statements": 1, "percent_covered": 100.0, "percent_covered_display": "100", "missing_lines": 0, "excluded_lines": 0, "percent_statements_covered": 100.0, "percent_statements_covered_display": "100", "num_branches": 0, "num_partial_branches": 0, "covered_branches": 0, "missing_branches": 0, "percent_branches_covered": 100.0, "percent_branches_covered_display": "100"}, "missing_lines": [], "excluded_lines": [], "start_line": 1, "executed_branches": [], "missing_branches": []}}}, "src/rekipedia/cli/__init__.py": {"executed_lines": [2, 4, 6, 7, 8, 9, 10, 11, 12, 15, 16, 17, 21, 22, 23, 24, 25, 26, 27], "summary": {"covered_lines": 19, "num_statements": 19, "percent_covered": 100.0, "percent_covered_display": "100", "missing_lines": 0, "excluded_lines": 0, "percent_statements_covered": 100.0, "percent_statements_covered_display": "100", "num_branches": 0, "num_partial_branches": 0, "covered_branches": 0, "missing_branches": 0, "percent_branches_covered": 100.0, "percent_branches_covered_display": "100"}, "missing_lines": [], "excluded_lines": [], "executed_branches": [], "missing_branches": [], "functions": {"main": {"executed_lines": [], "summary": {"covered_lines": 0, "num_statements": 0, "percent_covered": 100.0, "percent_covered_display": "100", "missing_lines": 0, "excluded_lines": 0, "percent_statements_covered": 100.0, "percent_statements_covered_display": "100", "num_branches": 0, "num_partial_branches": 0, "covered_branches": 0, "missing_branches": 0, "percent_branches_covered": 100.0, "percent_branches_covered_display": "100"}, "missing_lines": [], "excluded_lines": [], "start_line": 17, "executed_branches": [], "missing_branches": []}, "": {"executed_lines": [2, 4, 6, 7, 8, 9, 10, 11, 12, 15, 16, 17, 21, 22, 23, 24, 25, 26, 27], "summary": {"covered_lines": 19, "num_statements": 19, "percent_covered": 100.0, "percent_covered_display": "100", "missing_lines": 0, "excluded_lines": 0, "percent_statements_covered": 100.0, "percent_statements_covered_display": "100", "num_branches": 0, "num_partial_branches": 0, "covered_branches": 0, "missing_branches": 0, "percent_branches_covered": 100.0, "percent_branches_covered_display": "100"}, "missing_lines": [], "excluded_lines": [], "start_line": 1, "executed_branches": [], "missing_branches": []}}, "classes": {"": {"executed_lines": [2, 4, 6, 7, 8, 9, 10, 11, 12, 15, 16, 17, 21, 22, 23, 24, 25, 26, 27], "summary": {"covered_lines": 19, "num_statements": 19, "percent_covered": 100.0, "percent_covered_display": "100", "missing_lines": 0, "excluded_lines": 0, "percent_statements_covered": 100.0, "percent_statements_covered_display": "100", "num_branches": 0, "num_partial_branches": 0, "covered_branches": 0, "missing_branches": 0, "percent_branches_covered": 100.0, "percent_branches_covered_display": "100"}, "missing_lines": [], "excluded_lines": [], "start_line": 1, "executed_branches": [], "missing_branches": []}}}, "src/rekipedia/cli/ask.py": {"executed_lines": [2, 4, 5, 6, 7, 9, 10, 11, 12, 13, 14, 15, 16, 17, 19, 21, 24, 37, 44, 55, 105, 106, 107, 113, 114, 115], "summary": {"covered_lines": 26, "num_statements": 96, "percent_covered": 24.528301886792452, "percent_covered_display": "25", "missing_lines": 70, "excluded_lines": 0, "percent_statements_covered": 27.083333333333332, "percent_statements_covered_display": "27", "num_branches": 10, "num_partial_branches": 0, "covered_branches": 0, "missing_branches": 10, "percent_branches_covered": 0.0, "percent_branches_covered_display": "0"}, "missing_lines": [26, 27, 28, 29, 30, 31, 32, 33, 34, 38, 39, 40, 41, 45, 46, 47, 57, 60, 61, 64, 66, 67, 73, 74, 75, 78, 79, 80, 81, 82, 83, 84, 85, 86, 89, 90, 91, 92, 93, 94, 95, 96, 97, 99, 100, 102, 127, 128, 129, 131, 133, 134, 135, 138, 140, 141, 147, 148, 150, 151, 152, 153, 154, 155, 157, 158, 159, 160, 161, 163], "excluded_lines": [], "executed_branches": [], "missing_branches": [[39, 40], [39, 41], [93, 94], [93, 99], [131, 133], [131, 138], [157, 158], [157, 159], [159, 160], [159, 163]], "functions": {"_print_banner": {"executed_lines": [], "summary": {"covered_lines": 0, "num_statements": 9, "percent_covered": 0.0, "percent_covered_display": "0", "missing_lines": 9, "excluded_lines": 0, "percent_statements_covered": 0.0, "percent_statements_covered_display": "0", "num_branches": 0, "num_partial_branches": 0, "covered_branches": 0, "missing_branches": 0, "percent_branches_covered": 100.0, "percent_branches_covered_display": "100"}, "missing_lines": [26, 27, 28, 29, 30, 31, 32, 33, 34], "excluded_lines": [], "start_line": 24, "executed_branches": [], "missing_branches": []}, "_load_config": {"executed_lines": [], "summary": {"covered_lines": 0, "num_statements": 4, "percent_covered": 0.0, "percent_covered_display": "0", "missing_lines": 4, "excluded_lines": 0, "percent_statements_covered": 0.0, "percent_statements_covered_display": "0", "num_branches": 2, "num_partial_branches": 0, "covered_branches": 0, "missing_branches": 2, "percent_branches_covered": 0.0, "percent_branches_covered_display": "0"}, "missing_lines": [38, 39, 40, 41], "excluded_lines": [], "start_line": 37, "executed_branches": [], "missing_branches": [[39, 40], [39, 41]]}, "_build_llm_config": {"executed_lines": [], "summary": {"covered_lines": 0, "num_statements": 3, "percent_covered": 0.0, "percent_covered_display": "0", "missing_lines": 3, "excluded_lines": 0, "percent_statements_covered": 0.0, "percent_statements_covered_display": "0", "num_branches": 0, "num_partial_branches": 0, "covered_branches": 0, "missing_branches": 0, "percent_branches_covered": 100.0, "percent_branches_covered_display": "100"}, "missing_lines": [45, 46, 47], "excluded_lines": [], "start_line": 44, "executed_branches": [], "missing_branches": []}, "_answer_streaming": {"executed_lines": [], "summary": {"covered_lines": 0, "num_statements": 30, "percent_covered": 0.0, "percent_covered_display": "0", "missing_lines": 30, "excluded_lines": 0, "percent_statements_covered": 0.0, "percent_statements_covered_display": "0", "num_branches": 2, "num_partial_branches": 0, "covered_branches": 0, "missing_branches": 2, "percent_branches_covered": 0.0, "percent_branches_covered_display": "0"}, "missing_lines": [57, 60, 61, 64, 66, 67, 73, 74, 75, 78, 79, 80, 81, 82, 83, 84, 85, 86, 89, 90, 91, 92, 93, 94, 95, 96, 97, 99, 100, 102], "excluded_lines": [], "start_line": 55, "executed_branches": [], "missing_branches": [[93, 94], [93, 99]]}, "ask_cmd": {"executed_lines": [], "summary": {"covered_lines": 0, "num_statements": 24, "percent_covered": 0.0, "percent_covered_display": "0", "missing_lines": 24, "excluded_lines": 0, "percent_statements_covered": 0.0, "percent_statements_covered_display": "0", "num_branches": 6, "num_partial_branches": 0, "covered_branches": 0, "missing_branches": 6, "percent_branches_covered": 0.0, "percent_branches_covered_display": "0"}, "missing_lines": [127, 128, 129, 131, 133, 134, 135, 138, 140, 141, 147, 148, 150, 151, 152, 153, 154, 155, 157, 158, 159, 160, 161, 163], "excluded_lines": [], "start_line": 115, "executed_branches": [], "missing_branches": [[131, 133], [131, 138], [157, 158], [157, 159], [159, 160], [159, 163]]}, "": {"executed_lines": [2, 4, 5, 6, 7, 9, 10, 11, 12, 13, 14, 15, 16, 17, 19, 21, 24, 37, 44, 55, 105, 106, 107, 113, 114, 115], "summary": {"covered_lines": 26, "num_statements": 26, "percent_covered": 100.0, "percent_covered_display": "100", "missing_lines": 0, "excluded_lines": 0, "percent_statements_covered": 100.0, "percent_statements_covered_display": "100", "num_branches": 0, "num_partial_branches": 0, "covered_branches": 0, "missing_branches": 0, "percent_branches_covered": 100.0, "percent_branches_covered_display": "100"}, "missing_lines": [], "excluded_lines": [], "start_line": 1, "executed_branches": [], "missing_branches": []}}, "classes": {"": {"executed_lines": [2, 4, 5, 6, 7, 9, 10, 11, 12, 13, 14, 15, 16, 17, 19, 21, 24, 37, 44, 55, 105, 106, 107, 113, 114, 115], "summary": {"covered_lines": 26, "num_statements": 96, "percent_covered": 24.528301886792452, "percent_covered_display": "25", "missing_lines": 70, "excluded_lines": 0, "percent_statements_covered": 27.083333333333332, "percent_statements_covered_display": "27", "num_branches": 10, "num_partial_branches": 0, "covered_branches": 0, "missing_branches": 10, "percent_branches_covered": 0.0, "percent_branches_covered_display": "0"}, "missing_lines": [26, 27, 28, 29, 30, 31, 32, 33, 34, 38, 39, 40, 41, 45, 46, 47, 57, 60, 61, 64, 66, 67, 73, 74, 75, 78, 79, 80, 81, 82, 83, 84, 85, 86, 89, 90, 91, 92, 93, 94, 95, 96, 97, 99, 100, 102, 127, 128, 129, 131, 133, 134, 135, 138, 140, 141, 147, 148, 150, 151, 152, 153, 154, 155, 157, 158, 159, 160, 161, 163], "excluded_lines": [], "start_line": 1, "executed_branches": [], "missing_branches": [[39, 40], [39, 41], [93, 94], [93, 99], [131, 133], [131, 138], [157, 158], [157, 159], [159, 160], [159, 163]]}}}, "src/rekipedia/cli/embed.py": {"executed_lines": [11, 13, 14, 15, 17, 18, 20, 23, 24, 25, 30, 37, 44, 50, 56, 62, 63], "summary": {"covered_lines": 17, "num_statements": 68, "percent_covered": 21.25, "percent_covered_display": "21", "missing_lines": 51, "excluded_lines": 0, "percent_statements_covered": 25.0, "percent_statements_covered_display": "25", "num_branches": 12, "num_partial_branches": 0, "covered_branches": 0, "missing_branches": 12, "percent_branches_covered": 0.0, "percent_branches_covered_display": "0"}, "missing_lines": [74, 76, 77, 79, 81, 82, 84, 85, 89, 91, 92, 94, 95, 96, 97, 98, 100, 101, 103, 104, 105, 107, 114, 115, 116, 118, 120, 122, 124, 125, 126, 128, 129, 130, 131, 132, 134, 135, 137, 138, 139, 140, 141, 142, 143, 144, 145, 146, 147, 148, 149], "excluded_lines": [], "executed_branches": [], "missing_branches": [[76, 77], [76, 79], [84, 85], [84, 91], [97, 98], [97, 100], [115, 116], [115, 118], [138, 139], [138, 142], [146, 147], [146, 149]], "functions": {"embed_cmd": {"executed_lines": [], "summary": {"covered_lines": 0, "num_statements": 49, "percent_covered": 0.0, "percent_covered_display": "0", "missing_lines": 49, "excluded_lines": 0, "percent_statements_covered": 0.0, "percent_statements_covered_display": "0", "num_branches": 12, "num_partial_branches": 0, "covered_branches": 0, "missing_branches": 12, "percent_branches_covered": 0.0, "percent_branches_covered_display": "0"}, "missing_lines": [74, 76, 77, 79, 81, 82, 84, 85, 89, 91, 92, 94, 95, 96, 97, 98, 100, 101, 103, 104, 105, 107, 114, 115, 116, 118, 120, 122, 124, 128, 129, 130, 131, 132, 134, 135, 137, 138, 139, 140, 141, 142, 143, 144, 145, 146, 147, 148, 149], "excluded_lines": [], "start_line": 63, "executed_branches": [], "missing_branches": [[76, 77], [76, 79], [84, 85], [84, 91], [97, 98], [97, 100], [115, 116], [115, 118], [138, 139], [138, 142], [146, 147], [146, 149]]}, "embed_cmd._progress": {"executed_lines": [], "summary": {"covered_lines": 0, "num_statements": 2, "percent_covered": 0.0, "percent_covered_display": "0", "missing_lines": 2, "excluded_lines": 0, "percent_statements_covered": 0.0, "percent_statements_covered_display": "0", "num_branches": 0, "num_partial_branches": 0, "covered_branches": 0, "missing_branches": 0, "percent_branches_covered": 100.0, "percent_branches_covered_display": "100"}, "missing_lines": [125, 126], "excluded_lines": [], "start_line": 124, "executed_branches": [], "missing_branches": []}, "": {"executed_lines": [11, 13, 14, 15, 17, 18, 20, 23, 24, 25, 30, 37, 44, 50, 56, 62, 63], "summary": {"covered_lines": 17, "num_statements": 17, "percent_covered": 100.0, "percent_covered_display": "100", "missing_lines": 0, "excluded_lines": 0, "percent_statements_covered": 100.0, "percent_statements_covered_display": "100", "num_branches": 0, "num_partial_branches": 0, "covered_branches": 0, "missing_branches": 0, "percent_branches_covered": 100.0, "percent_branches_covered_display": "100"}, "missing_lines": [], "excluded_lines": [], "start_line": 1, "executed_branches": [], "missing_branches": []}}, "classes": {"": {"executed_lines": [11, 13, 14, 15, 17, 18, 20, 23, 24, 25, 30, 37, 44, 50, 56, 62, 63], "summary": {"covered_lines": 17, "num_statements": 68, "percent_covered": 21.25, "percent_covered_display": "21", "missing_lines": 51, "excluded_lines": 0, "percent_statements_covered": 25.0, "percent_statements_covered_display": "25", "num_branches": 12, "num_partial_branches": 0, "covered_branches": 0, "missing_branches": 12, "percent_branches_covered": 0.0, "percent_branches_covered_display": "0"}, "missing_lines": [74, 76, 77, 79, 81, 82, 84, 85, 89, 91, 92, 94, 95, 96, 97, 98, 100, 101, 103, 104, 105, 107, 114, 115, 116, 118, 120, 122, 124, 125, 126, 128, 129, 130, 131, 132, 134, 135, 137, 138, 139, 140, 141, 142, 143, 144, 145, 146, 147, 148, 149], "excluded_lines": [], "start_line": 1, "executed_branches": [], "missing_branches": [[76, 77], [76, 79], [84, 85], [84, 91], [97, 98], [97, 100], [115, 116], [115, 118], [138, 139], [138, 142], [146, 147], [146, 149]]}}}, "src/rekipedia/cli/export.py": {"executed_lines": [11, 13, 14, 15, 16, 18, 19, 21, 23, 26, 27, 28, 33, 40, 45, 50, 65, 66, 68, 69, 70, 72, 73, 77, 80, 81, 82, 83, 84, 85, 86, 87, 92, 93, 95, 96, 97, 98, 99, 100, 101, 103, 104, 105, 107, 108, 110, 111, 112, 113, 121, 122, 123, 124, 125, 126, 127, 134, 141, 144, 145, 146, 147, 148, 149, 150, 151, 153, 156, 157, 158, 159, 160, 163, 164, 167, 168, 169, 170, 171, 172, 174, 175, 177, 179, 182, 190, 191, 192, 193, 196, 197, 199, 200], "summary": {"covered_lines": 94, "num_statements": 105, "percent_covered": 81.20805369127517, "percent_covered_display": "81", "missing_lines": 11, "excluded_lines": 0, "percent_statements_covered": 89.52380952380952, "percent_statements_covered_display": "90", "num_branches": 44, "num_partial_branches": 11, "covered_branches": 27, "missing_branches": 17, "percent_branches_covered": 61.36363636363637, "percent_branches_covered_display": "61"}, "missing_lines": [88, 89, 114, 115, 116, 117, 118, 119, 173, 194, 195], "excluded_lines": [], "executed_branches": [[72, 73], [72, 80], [82, 83], [86, 87], [86, 92], [93, 95], [97, 98], [97, 100], [98, 99], [110, 111], [110, 112], [112, 113], [123, 124], [123, 125], [125, 126], [144, 145], [144, 153], [156, 157], [156, 179], [168, 169], [170, 171], [172, 174], [174, 175], [191, 192], [191, 193], [193, 196], [196, 197]], "missing_branches": [[82, 92], [93, 103], [98, 97], [112, 114], [114, 115], [114, 121], [115, 116], [115, 118], [125, -26], [168, 170], [170, 172], [172, 173], [174, 177], [193, 194], [194, 195], [194, 196], [196, 199]], "functions": {"export_cmd": {"executed_lines": [65, 66, 68, 69, 70, 72, 73, 77, 80, 81, 82, 83, 84, 85, 86, 87, 92, 93, 95, 96, 97, 98, 99, 100, 101, 103, 104, 105, 107, 108, 110, 111, 112, 113, 121, 122, 123, 124, 125, 126, 127], "summary": {"covered_lines": 41, "num_statements": 49, "percent_covered": 76.71232876712328, "percent_covered_display": "77", "missing_lines": 8, "excluded_lines": 0, "percent_statements_covered": 83.6734693877551, "percent_statements_covered_display": "84", "num_branches": 24, "num_partial_branches": 5, "covered_branches": 15, "missing_branches": 9, "percent_branches_covered": 62.5, "percent_branches_covered_display": "62"}, "missing_lines": [88, 89, 114, 115, 116, 117, 118, 119], "excluded_lines": [], "start_line": 50, "executed_branches": [[72, 73], [72, 80], [82, 83], [86, 87], [86, 92], [93, 95], [97, 98], [97, 100], [98, 99], [110, 111], [110, 112], [112, 113], [123, 124], [123, 125], [125, 126]], "missing_branches": [[82, 92], [93, 103], [98, 97], [112, 114], [114, 115], [114, 121], [115, 116], [115, 118], [125, -26]]}, "_export_md": {"executed_lines": [141, 144, 145, 146, 147, 148, 149, 150, 151, 153, 156, 157, 158, 159, 160, 163, 164, 167, 168, 169, 170, 171, 172, 174, 175, 177, 179], "summary": {"covered_lines": 27, "num_statements": 28, "percent_covered": 87.5, "percent_covered_display": "88", "missing_lines": 1, "excluded_lines": 0, "percent_statements_covered": 96.42857142857143, "percent_statements_covered_display": "96", "num_branches": 12, "num_partial_branches": 4, "covered_branches": 8, "missing_branches": 4, "percent_branches_covered": 66.66666666666667, "percent_branches_covered_display": "67"}, "missing_lines": [173], "excluded_lines": [], "start_line": 134, "executed_branches": [[144, 145], [144, 153], [156, 157], [156, 179], [168, 169], [170, 171], [172, 174], [174, 175]], "missing_branches": [[168, 170], [170, 172], [172, 173], [174, 177]]}, "_export_zip": {"executed_lines": [190, 191, 192, 193, 196, 197, 199, 200], "summary": {"covered_lines": 8, "num_statements": 10, "percent_covered": 66.66666666666667, "percent_covered_display": "67", "missing_lines": 2, "excluded_lines": 0, "percent_statements_covered": 80.0, "percent_statements_covered_display": "80", "num_branches": 8, "num_partial_branches": 2, "covered_branches": 4, "missing_branches": 4, "percent_branches_covered": 50.0, "percent_branches_covered_display": "50"}, "missing_lines": [194, 195], "excluded_lines": [], "start_line": 182, "executed_branches": [[191, 192], [191, 193], [193, 196], [196, 197]], "missing_branches": [[193, 194], [194, 195], [194, 196], [196, 199]]}, "": {"executed_lines": [11, 13, 14, 15, 16, 18, 19, 21, 23, 26, 27, 28, 33, 40, 45, 50, 134, 182], "summary": {"covered_lines": 18, "num_statements": 18, "percent_covered": 100.0, "percent_covered_display": "100", "missing_lines": 0, "excluded_lines": 0, "percent_statements_covered": 100.0, "percent_statements_covered_display": "100", "num_branches": 0, "num_partial_branches": 0, "covered_branches": 0, "missing_branches": 0, "percent_branches_covered": 100.0, "percent_branches_covered_display": "100"}, "missing_lines": [], "excluded_lines": [], "start_line": 1, "executed_branches": [], "missing_branches": []}}, "classes": {"": {"executed_lines": [11, 13, 14, 15, 16, 18, 19, 21, 23, 26, 27, 28, 33, 40, 45, 50, 65, 66, 68, 69, 70, 72, 73, 77, 80, 81, 82, 83, 84, 85, 86, 87, 92, 93, 95, 96, 97, 98, 99, 100, 101, 103, 104, 105, 107, 108, 110, 111, 112, 113, 121, 122, 123, 124, 125, 126, 127, 134, 141, 144, 145, 146, 147, 148, 149, 150, 151, 153, 156, 157, 158, 159, 160, 163, 164, 167, 168, 169, 170, 171, 172, 174, 175, 177, 179, 182, 190, 191, 192, 193, 196, 197, 199, 200], "summary": {"covered_lines": 94, "num_statements": 105, "percent_covered": 81.20805369127517, "percent_covered_display": "81", "missing_lines": 11, "excluded_lines": 0, "percent_statements_covered": 89.52380952380952, "percent_statements_covered_display": "90", "num_branches": 44, "num_partial_branches": 11, "covered_branches": 27, "missing_branches": 17, "percent_branches_covered": 61.36363636363637, "percent_branches_covered_display": "61"}, "missing_lines": [88, 89, 114, 115, 116, 117, 118, 119, 173, 194, 195], "excluded_lines": [], "start_line": 1, "executed_branches": [[72, 73], [72, 80], [82, 83], [86, 87], [86, 92], [93, 95], [97, 98], [97, 100], [98, 99], [110, 111], [110, 112], [112, 113], [123, 124], [123, 125], [125, 126], [144, 145], [144, 153], [156, 157], [156, 179], [168, 169], [170, 171], [172, 174], [174, 175], [191, 192], [191, 193], [193, 196], [196, 197]], "missing_branches": [[82, 92], [93, 103], [98, 97], [112, 114], [114, 115], [114, 121], [115, 116], [115, 118], [125, -26], [168, 170], [170, 172], [172, 173], [174, 177], [193, 194], [194, 195], [194, 196], [196, 199]]}}}, "src/rekipedia/cli/init.py": {"executed_lines": [2, 4, 6, 7, 8, 10, 12, 29, 32, 33, 34, 35, 38, 41, 42, 46, 50, 53, 54, 55, 56, 64, 65, 67, 68, 69, 72, 75, 76, 81, 83], "summary": {"covered_lines": 31, "num_statements": 34, "percent_covered": 90.0, "percent_covered_display": "90", "missing_lines": 3, "excluded_lines": 0, "percent_statements_covered": 91.17647058823529, "percent_statements_covered_display": "91", "num_branches": 6, "num_partial_branches": 1, "covered_branches": 5, "missing_branches": 1, "percent_branches_covered": 83.33333333333333, "percent_branches_covered_display": "83"}, "missing_lines": [60, 61, 62], "excluded_lines": [], "executed_branches": [[41, 42], [41, 46], [53, 54], [53, 64], [55, 56]], "missing_branches": [[55, 60]], "functions": {"run_init": {"executed_lines": [33, 34, 35, 38, 41, 42, 46, 50, 53, 54, 55, 56, 64, 65, 67, 68, 69, 72], "summary": {"covered_lines": 18, "num_statements": 21, "percent_covered": 85.18518518518519, "percent_covered_display": "85", "missing_lines": 3, "excluded_lines": 0, "percent_statements_covered": 85.71428571428571, "percent_statements_covered_display": "86", "num_branches": 6, "num_partial_branches": 1, "covered_branches": 5, "missing_branches": 1, "percent_branches_covered": 83.33333333333333, "percent_branches_covered_display": "83"}, "missing_lines": [60, 61, 62], "excluded_lines": [], "start_line": 32, "executed_branches": [[41, 42], [41, 46], [53, 54], [53, 64], [55, 56]], "missing_branches": [[55, 60]]}, "init_cmd": {"executed_lines": [83], "summary": {"covered_lines": 1, "num_statements": 1, "percent_covered": 100.0, "percent_covered_display": "100", "missing_lines": 0, "excluded_lines": 0, "percent_statements_covered": 100.0, "percent_statements_covered_display": "100", "num_branches": 0, "num_partial_branches": 0, "covered_branches": 0, "missing_branches": 0, "percent_branches_covered": 100.0, "percent_branches_covered_display": "100"}, "missing_lines": [], "excluded_lines": [], "start_line": 81, "executed_branches": [], "missing_branches": []}, "": {"executed_lines": [2, 4, 6, 7, 8, 10, 12, 29, 32, 75, 76, 81], "summary": {"covered_lines": 12, "num_statements": 12, "percent_covered": 100.0, "percent_covered_display": "100", "missing_lines": 0, "excluded_lines": 0, "percent_statements_covered": 100.0, "percent_statements_covered_display": "100", "num_branches": 0, "num_partial_branches": 0, "covered_branches": 0, "missing_branches": 0, "percent_branches_covered": 100.0, "percent_branches_covered_display": "100"}, "missing_lines": [], "excluded_lines": [], "start_line": 1, "executed_branches": [], "missing_branches": []}}, "classes": {"": {"executed_lines": [2, 4, 6, 7, 8, 10, 12, 29, 32, 33, 34, 35, 38, 41, 42, 46, 50, 53, 54, 55, 56, 64, 65, 67, 68, 69, 72, 75, 76, 81, 83], "summary": {"covered_lines": 31, "num_statements": 34, "percent_covered": 90.0, "percent_covered_display": "90", "missing_lines": 3, "excluded_lines": 0, "percent_statements_covered": 91.17647058823529, "percent_statements_covered_display": "91", "num_branches": 6, "num_partial_branches": 1, "covered_branches": 5, "missing_branches": 1, "percent_branches_covered": 83.33333333333333, "percent_branches_covered_display": "83"}, "missing_lines": [60, 61, 62], "excluded_lines": [], "start_line": 1, "executed_branches": [[41, 42], [41, 46], [53, 54], [53, 64], [55, 56]], "missing_branches": [[55, 60]]}}}, "src/rekipedia/cli/scan.py": {"executed_lines": [2, 4, 5, 6, 8, 9, 10, 12, 14, 17, 24, 25, 30, 31, 32, 33, 34, 35, 36], "summary": {"covered_lines": 19, "num_statements": 57, "percent_covered": 28.35820895522388, "percent_covered_display": "28", "missing_lines": 38, "excluded_lines": 0, "percent_statements_covered": 33.333333333333336, "percent_statements_covered_display": "33", "num_branches": 10, "num_partial_branches": 0, "covered_branches": 0, "missing_branches": 10, "percent_branches_covered": 0.0, "percent_branches_covered_display": "0"}, "missing_lines": [18, 19, 20, 21, 57, 58, 60, 61, 63, 72, 73, 74, 75, 76, 77, 78, 79, 80, 81, 83, 87, 88, 89, 91, 92, 100, 101, 102, 103, 105, 106, 107, 109, 110, 111, 112, 113, 114], "excluded_lines": [], "executed_branches": [], "missing_branches": [[19, 20], [19, 21], [76, 77], [76, 79], [79, 80], [79, 81], [88, -87], [88, 89], [101, 102], [101, 105]], "functions": {"_load_config": {"executed_lines": [], "summary": {"covered_lines": 0, "num_statements": 4, "percent_covered": 0.0, "percent_covered_display": "0", "missing_lines": 4, "excluded_lines": 0, "percent_statements_covered": 0.0, "percent_statements_covered_display": "0", "num_branches": 2, "num_partial_branches": 0, "covered_branches": 0, "missing_branches": 2, "percent_branches_covered": 0.0, "percent_branches_covered_display": "0"}, "missing_lines": [18, 19, 20, 21], "excluded_lines": [], "start_line": 17, "executed_branches": [], "missing_branches": [[19, 20], [19, 21]]}, "scan_cmd": {"executed_lines": [], "summary": {"covered_lines": 0, "num_statements": 32, "percent_covered": 0.0, "percent_covered_display": "0", "missing_lines": 32, "excluded_lines": 0, "percent_statements_covered": 0.0, "percent_statements_covered_display": "0", "num_branches": 6, "num_partial_branches": 0, "covered_branches": 0, "missing_branches": 6, "percent_branches_covered": 0.0, "percent_branches_covered_display": "0"}, "missing_lines": [57, 58, 60, 61, 63, 72, 73, 74, 75, 76, 77, 78, 79, 80, 81, 83, 87, 91, 92, 100, 101, 102, 103, 105, 106, 107, 109, 110, 111, 112, 113, 114], "excluded_lines": [], "start_line": 36, "executed_branches": [], "missing_branches": [[76, 77], [76, 79], [79, 80], [79, 81], [101, 102], [101, 105]]}, "scan_cmd._log": {"executed_lines": [], "summary": {"covered_lines": 0, "num_statements": 2, "percent_covered": 0.0, "percent_covered_display": "0", "missing_lines": 2, "excluded_lines": 0, "percent_statements_covered": 0.0, "percent_statements_covered_display": "0", "num_branches": 2, "num_partial_branches": 0, "covered_branches": 0, "missing_branches": 2, "percent_branches_covered": 0.0, "percent_branches_covered_display": "0"}, "missing_lines": [88, 89], "excluded_lines": [], "start_line": 87, "executed_branches": [], "missing_branches": [[88, -87], [88, 89]]}, "": {"executed_lines": [2, 4, 5, 6, 8, 9, 10, 12, 14, 17, 24, 25, 30, 31, 32, 33, 34, 35, 36], "summary": {"covered_lines": 19, "num_statements": 19, "percent_covered": 100.0, "percent_covered_display": "100", "missing_lines": 0, "excluded_lines": 0, "percent_statements_covered": 100.0, "percent_statements_covered_display": "100", "num_branches": 0, "num_partial_branches": 0, "covered_branches": 0, "missing_branches": 0, "percent_branches_covered": 100.0, "percent_branches_covered_display": "100"}, "missing_lines": [], "excluded_lines": [], "start_line": 1, "executed_branches": [], "missing_branches": []}}, "classes": {"": {"executed_lines": [2, 4, 5, 6, 8, 9, 10, 12, 14, 17, 24, 25, 30, 31, 32, 33, 34, 35, 36], "summary": {"covered_lines": 19, "num_statements": 57, "percent_covered": 28.35820895522388, "percent_covered_display": "28", "missing_lines": 38, "excluded_lines": 0, "percent_statements_covered": 33.333333333333336, "percent_statements_covered_display": "33", "num_branches": 10, "num_partial_branches": 0, "covered_branches": 0, "missing_branches": 10, "percent_branches_covered": 0.0, "percent_branches_covered_display": "0"}, "missing_lines": [18, 19, 20, 21, 57, 58, 60, 61, 63, 72, 73, 74, 75, 76, 77, 78, 79, 80, 81, 83, 87, 88, 89, 91, 92, 100, 101, 102, 103, 105, 106, 107, 109, 110, 111, 112, 113, 114], "excluded_lines": [], "start_line": 1, "executed_branches": [], "missing_branches": [[19, 20], [19, 21], [76, 77], [76, 79], [79, 80], [79, 81], [88, -87], [88, 89], [101, 102], [101, 105]]}}}, "src/rekipedia/cli/serve.py": {"executed_lines": [2, 4, 5, 6, 8, 9, 11, 14, 15, 21, 22, 23, 24, 25, 26], "summary": {"covered_lines": 15, "num_statements": 33, "percent_covered": 42.857142857142854, "percent_covered_display": "43", "missing_lines": 18, "excluded_lines": 0, "percent_statements_covered": 45.45454545454545, "percent_statements_covered_display": "45", "num_branches": 2, "num_partial_branches": 0, "covered_branches": 0, "missing_branches": 2, "percent_branches_covered": 0.0, "percent_branches_covered_display": "0"}, "missing_lines": [42, 44, 45, 47, 48, 49, 50, 57, 59, 61, 62, 63, 64, 65, 67, 68, 70, 72], "excluded_lines": [], "executed_branches": [], "missing_branches": [[67, 68], [67, 72]], "functions": {"serve_cmd": {"executed_lines": [], "summary": {"covered_lines": 0, "num_statements": 18, "percent_covered": 0.0, "percent_covered_display": "0", "missing_lines": 18, "excluded_lines": 0, "percent_statements_covered": 0.0, "percent_statements_covered_display": "0", "num_branches": 2, "num_partial_branches": 0, "covered_branches": 0, "missing_branches": 2, "percent_branches_covered": 0.0, "percent_branches_covered_display": "0"}, "missing_lines": [42, 44, 45, 47, 48, 49, 50, 57, 59, 61, 62, 63, 64, 65, 67, 68, 70, 72], "excluded_lines": [], "start_line": 26, "executed_branches": [], "missing_branches": [[67, 68], [67, 72]]}, "": {"executed_lines": [2, 4, 5, 6, 8, 9, 11, 14, 15, 21, 22, 23, 24, 25, 26], "summary": {"covered_lines": 15, "num_statements": 15, "percent_covered": 100.0, "percent_covered_display": "100", "missing_lines": 0, "excluded_lines": 0, "percent_statements_covered": 100.0, "percent_statements_covered_display": "100", "num_branches": 0, "num_partial_branches": 0, "covered_branches": 0, "missing_branches": 0, "percent_branches_covered": 100.0, "percent_branches_covered_display": "100"}, "missing_lines": [], "excluded_lines": [], "start_line": 1, "executed_branches": [], "missing_branches": []}}, "classes": {"": {"executed_lines": [2, 4, 5, 6, 8, 9, 11, 14, 15, 21, 22, 23, 24, 25, 26], "summary": {"covered_lines": 15, "num_statements": 33, "percent_covered": 42.857142857142854, "percent_covered_display": "43", "missing_lines": 18, "excluded_lines": 0, "percent_statements_covered": 45.45454545454545, "percent_statements_covered_display": "45", "num_branches": 2, "num_partial_branches": 0, "covered_branches": 0, "missing_branches": 2, "percent_branches_covered": 0.0, "percent_branches_covered_display": "0"}, "missing_lines": [42, 44, 45, 47, 48, 49, 50, 57, 59, 61, 62, 63, 64, 65, 67, 68, 70, 72], "excluded_lines": [], "start_line": 1, "executed_branches": [], "missing_branches": [[67, 68], [67, 72]]}}}, "src/rekipedia/cli/update.py": {"executed_lines": [2, 4, 5, 6, 8, 9, 10, 11, 13, 15, 18, 25, 26, 31, 32, 33, 34], "summary": {"covered_lines": 17, "num_statements": 45, "percent_covered": 36.170212765957444, "percent_covered_display": "36", "missing_lines": 28, "excluded_lines": 0, "percent_statements_covered": 37.77777777777778, "percent_statements_covered_display": "38", "num_branches": 2, "num_partial_branches": 0, "covered_branches": 0, "missing_branches": 2, "percent_branches_covered": 0.0, "percent_branches_covered_display": "0"}, "missing_lines": [19, 20, 21, 22, 46, 47, 49, 50, 52, 59, 60, 61, 62, 64, 66, 72, 74, 75, 77, 78, 85, 86, 87, 89, 90, 91, 92, 93], "excluded_lines": [], "executed_branches": [], "missing_branches": [[20, 21], [20, 22]], "functions": {"_load_config": {"executed_lines": [], "summary": {"covered_lines": 0, "num_statements": 4, "percent_covered": 0.0, "percent_covered_display": "0", "missing_lines": 4, "excluded_lines": 0, "percent_statements_covered": 0.0, "percent_statements_covered_display": "0", "num_branches": 2, "num_partial_branches": 0, "covered_branches": 0, "missing_branches": 2, "percent_branches_covered": 0.0, "percent_branches_covered_display": "0"}, "missing_lines": [19, 20, 21, 22], "excluded_lines": [], "start_line": 18, "executed_branches": [], "missing_branches": [[20, 21], [20, 22]]}, "update_cmd": {"executed_lines": [], "summary": {"covered_lines": 0, "num_statements": 23, "percent_covered": 0.0, "percent_covered_display": "0", "missing_lines": 23, "excluded_lines": 0, "percent_statements_covered": 0.0, "percent_statements_covered_display": "0", "num_branches": 0, "num_partial_branches": 0, "covered_branches": 0, "missing_branches": 0, "percent_branches_covered": 100.0, "percent_branches_covered_display": "100"}, "missing_lines": [46, 47, 49, 50, 52, 59, 60, 61, 62, 64, 66, 72, 74, 77, 78, 85, 86, 87, 89, 90, 91, 92, 93], "excluded_lines": [], "start_line": 34, "executed_branches": [], "missing_branches": []}, "update_cmd._log": {"executed_lines": [], "summary": {"covered_lines": 0, "num_statements": 1, "percent_covered": 0.0, "percent_covered_display": "0", "missing_lines": 1, "excluded_lines": 0, "percent_statements_covered": 0.0, "percent_statements_covered_display": "0", "num_branches": 0, "num_partial_branches": 0, "covered_branches": 0, "missing_branches": 0, "percent_branches_covered": 100.0, "percent_branches_covered_display": "100"}, "missing_lines": [75], "excluded_lines": [], "start_line": 74, "executed_branches": [], "missing_branches": []}, "": {"executed_lines": [2, 4, 5, 6, 8, 9, 10, 11, 13, 15, 18, 25, 26, 31, 32, 33, 34], "summary": {"covered_lines": 17, "num_statements": 17, "percent_covered": 100.0, "percent_covered_display": "100", "missing_lines": 0, "excluded_lines": 0, "percent_statements_covered": 100.0, "percent_statements_covered_display": "100", "num_branches": 0, "num_partial_branches": 0, "covered_branches": 0, "missing_branches": 0, "percent_branches_covered": 100.0, "percent_branches_covered_display": "100"}, "missing_lines": [], "excluded_lines": [], "start_line": 1, "executed_branches": [], "missing_branches": []}}, "classes": {"": {"executed_lines": [2, 4, 5, 6, 8, 9, 10, 11, 13, 15, 18, 25, 26, 31, 32, 33, 34], "summary": {"covered_lines": 17, "num_statements": 45, "percent_covered": 36.170212765957444, "percent_covered_display": "36", "missing_lines": 28, "excluded_lines": 0, "percent_statements_covered": 37.77777777777778, "percent_statements_covered_display": "38", "num_branches": 2, "num_partial_branches": 0, "covered_branches": 0, "missing_branches": 2, "percent_branches_covered": 0.0, "percent_branches_covered_display": "0"}, "missing_lines": [19, 20, 21, 22, 46, 47, 49, 50, 52, 59, 60, 61, 62, 64, 66, 72, 74, 75, 77, 78, 85, 86, 87, 89, 90, 91, 92, 93], "excluded_lines": [], "start_line": 1, "executed_branches": [], "missing_branches": [[20, 21], [20, 22]]}}}, "src/rekipedia/exporters/__init__.py": {"executed_lines": [], "summary": {"covered_lines": 0, "num_statements": 0, "percent_covered": 100.0, "percent_covered_display": "100", "missing_lines": 0, "excluded_lines": 0, "percent_statements_covered": 100.0, "percent_statements_covered_display": "100", "num_branches": 0, "num_partial_branches": 0, "covered_branches": 0, "missing_branches": 0, "percent_branches_covered": 100.0, "percent_branches_covered_display": "100"}, "missing_lines": [], "excluded_lines": [], "executed_branches": [], "missing_branches": [], "functions": {"": {"executed_lines": [], "summary": {"covered_lines": 0, "num_statements": 0, "percent_covered": 100.0, "percent_covered_display": "100", "missing_lines": 0, "excluded_lines": 0, "percent_statements_covered": 100.0, "percent_statements_covered_display": "100", "num_branches": 0, "num_partial_branches": 0, "covered_branches": 0, "missing_branches": 0, "percent_branches_covered": 100.0, "percent_branches_covered_display": "100"}, "missing_lines": [], "excluded_lines": [], "start_line": 1, "executed_branches": [], "missing_branches": []}}, "classes": {"": {"executed_lines": [], "summary": {"covered_lines": 0, "num_statements": 0, "percent_covered": 100.0, "percent_covered_display": "100", "missing_lines": 0, "excluded_lines": 0, "percent_statements_covered": 100.0, "percent_statements_covered_display": "100", "num_branches": 0, "num_partial_branches": 0, "covered_branches": 0, "missing_branches": 0, "percent_branches_covered": 100.0, "percent_branches_covered_display": "100"}, "missing_lines": [], "excluded_lines": [], "start_line": 1, "executed_branches": [], "missing_branches": []}}}, "src/rekipedia/exporters/json_export.py": {"executed_lines": [2, 4, 5, 6, 8, 11, 12, 13, 15, 23, 26, 27, 37, 38, 48, 49, 50, 51, 52, 53, 58, 59, 60, 61, 62, 64, 65, 66, 67, 69, 71, 73, 75, 77, 78, 81, 94, 95], "summary": {"covered_lines": 38, "num_statements": 46, "percent_covered": 77.41935483870968, "percent_covered_display": "77", "missing_lines": 8, "excluded_lines": 0, "percent_statements_covered": 82.6086956521739, "percent_statements_covered_display": "83", "num_branches": 16, "num_partial_branches": 6, "covered_branches": 10, "missing_branches": 6, "percent_branches_covered": 62.5, "percent_branches_covered_display": "62"}, "missing_lines": [54, 55, 63, 68, 70, 72, 74, 79], "excluded_lines": [], "executed_branches": [[61, 62], [61, 77], [62, 64], [67, 69], [69, 71], [71, 73], [73, 75], [77, 78], [77, 81], [78, 77]], "missing_branches": [[62, 63], [67, 68], [69, 70], [71, 72], [73, 74], [78, 79]], "functions": {"JsonExporter.__init__": {"executed_lines": [13], "summary": {"covered_lines": 1, "num_statements": 1, "percent_covered": 100.0, "percent_covered_display": "100", "missing_lines": 0, "excluded_lines": 0, "percent_statements_covered": 100.0, "percent_statements_covered_display": "100", "num_branches": 0, "num_partial_branches": 0, "covered_branches": 0, "missing_branches": 0, "percent_branches_covered": 100.0, "percent_branches_covered_display": "100"}, "missing_lines": [], "excluded_lines": [], "start_line": 12, "executed_branches": [], "missing_branches": []}, "JsonExporter.export": {"executed_lines": [23, 26, 27, 37, 38, 48, 49, 50, 51, 52, 53, 58, 59, 60, 61, 62, 64, 65, 66, 67, 69, 71, 73, 75, 77, 78, 81, 94, 95], "summary": {"covered_lines": 29, "num_statements": 37, "percent_covered": 73.58490566037736, "percent_covered_display": "74", "missing_lines": 8, "excluded_lines": 0, "percent_statements_covered": 78.37837837837837, "percent_statements_covered_display": "78", "num_branches": 16, "num_partial_branches": 6, "covered_branches": 10, "missing_branches": 6, "percent_branches_covered": 62.5, "percent_branches_covered_display": "62"}, "missing_lines": [54, 55, 63, 68, 70, 72, 74, 79], "excluded_lines": [], "start_line": 15, "executed_branches": [[61, 62], [61, 77], [62, 64], [67, 69], [69, 71], [71, 73], [73, 75], [77, 78], [77, 81], [78, 77]], "missing_branches": [[62, 63], [67, 68], [69, 70], [71, 72], [73, 74], [78, 79]]}, "": {"executed_lines": [2, 4, 5, 6, 8, 11, 12, 15], "summary": {"covered_lines": 8, "num_statements": 8, "percent_covered": 100.0, "percent_covered_display": "100", "missing_lines": 0, "excluded_lines": 0, "percent_statements_covered": 100.0, "percent_statements_covered_display": "100", "num_branches": 0, "num_partial_branches": 0, "covered_branches": 0, "missing_branches": 0, "percent_branches_covered": 100.0, "percent_branches_covered_display": "100"}, "missing_lines": [], "excluded_lines": [], "start_line": 1, "executed_branches": [], "missing_branches": []}}, "classes": {"JsonExporter": {"executed_lines": [13, 23, 26, 27, 37, 38, 48, 49, 50, 51, 52, 53, 58, 59, 60, 61, 62, 64, 65, 66, 67, 69, 71, 73, 75, 77, 78, 81, 94, 95], "summary": {"covered_lines": 30, "num_statements": 38, "percent_covered": 74.07407407407408, "percent_covered_display": "74", "missing_lines": 8, "excluded_lines": 0, "percent_statements_covered": 78.94736842105263, "percent_statements_covered_display": "79", "num_branches": 16, "num_partial_branches": 6, "covered_branches": 10, "missing_branches": 6, "percent_branches_covered": 62.5, "percent_branches_covered_display": "62"}, "missing_lines": [54, 55, 63, 68, 70, 72, 74, 79], "excluded_lines": [], "start_line": 11, "executed_branches": [[61, 62], [61, 77], [62, 64], [67, 69], [69, 71], [71, 73], [73, 75], [77, 78], [77, 81], [78, 77]], "missing_branches": [[62, 63], [67, 68], [69, 70], [71, 72], [73, 74], [78, 79]]}, "": {"executed_lines": [2, 4, 5, 6, 8, 11, 12, 15], "summary": {"covered_lines": 8, "num_statements": 8, "percent_covered": 100.0, "percent_covered_display": "100", "missing_lines": 0, "excluded_lines": 0, "percent_statements_covered": 100.0, "percent_statements_covered_display": "100", "num_branches": 0, "num_partial_branches": 0, "covered_branches": 0, "missing_branches": 0, "percent_branches_covered": 100.0, "percent_branches_covered_display": "100"}, "missing_lines": [], "excluded_lines": [], "start_line": 1, "executed_branches": [], "missing_branches": []}}}, "src/rekipedia/exporters/markdown_export.py": {"executed_lines": [2, 4, 7, 8, 9, 10, 12, 23, 24, 26, 27, 29, 31, 33, 34, 35, 38, 39, 40, 41], "summary": {"covered_lines": 20, "num_statements": 21, "percent_covered": 92.5925925925926, "percent_covered_display": "93", "missing_lines": 1, "excluded_lines": 0, "percent_statements_covered": 95.23809523809524, "percent_statements_covered_display": "95", "num_branches": 6, "num_partial_branches": 1, "covered_branches": 5, "missing_branches": 1, "percent_branches_covered": 83.33333333333333, "percent_branches_covered_display": "83"}, "missing_lines": [30], "excluded_lines": [], "executed_branches": [[26, 27], [26, 33], [29, 31], [33, -12], [33, 34]], "missing_branches": [[29, 30]], "functions": {"MarkdownExporter.__init__": {"executed_lines": [9, 10], "summary": {"covered_lines": 2, "num_statements": 2, "percent_covered": 100.0, "percent_covered_display": "100", "missing_lines": 0, "excluded_lines": 0, "percent_statements_covered": 100.0, "percent_statements_covered_display": "100", "num_branches": 0, "num_partial_branches": 0, "covered_branches": 0, "missing_branches": 0, "percent_branches_covered": 100.0, "percent_branches_covered_display": "100"}, "missing_lines": [], "excluded_lines": [], "start_line": 8, "executed_branches": [], "missing_branches": []}, "MarkdownExporter.export": {"executed_lines": [23, 24, 26, 27, 29, 31, 33, 34, 35], "summary": {"covered_lines": 9, "num_statements": 10, "percent_covered": 87.5, "percent_covered_display": "88", "missing_lines": 1, "excluded_lines": 0, "percent_statements_covered": 90.0, "percent_statements_covered_display": "90", "num_branches": 6, "num_partial_branches": 1, "covered_branches": 5, "missing_branches": 1, "percent_branches_covered": 83.33333333333333, "percent_branches_covered_display": "83"}, "missing_lines": [30], "excluded_lines": [], "start_line": 12, "executed_branches": [[26, 27], [26, 33], [29, 31], [33, -12], [33, 34]], "missing_branches": [[29, 30]]}, "_is_pinned": {"executed_lines": [39, 40, 41], "summary": {"covered_lines": 3, "num_statements": 3, "percent_covered": 100.0, "percent_covered_display": "100", "missing_lines": 0, "excluded_lines": 0, "percent_statements_covered": 100.0, "percent_statements_covered_display": "100", "num_branches": 0, "num_partial_branches": 0, "covered_branches": 0, "missing_branches": 0, "percent_branches_covered": 100.0, "percent_branches_covered_display": "100"}, "missing_lines": [], "excluded_lines": [], "start_line": 38, "executed_branches": [], "missing_branches": []}, "": {"executed_lines": [2, 4, 7, 8, 12, 38], "summary": {"covered_lines": 6, "num_statements": 6, "percent_covered": 100.0, "percent_covered_display": "100", "missing_lines": 0, "excluded_lines": 0, "percent_statements_covered": 100.0, "percent_statements_covered_display": "100", "num_branches": 0, "num_partial_branches": 0, "covered_branches": 0, "missing_branches": 0, "percent_branches_covered": 100.0, "percent_branches_covered_display": "100"}, "missing_lines": [], "excluded_lines": [], "start_line": 1, "executed_branches": [], "missing_branches": []}}, "classes": {"MarkdownExporter": {"executed_lines": [9, 10, 23, 24, 26, 27, 29, 31, 33, 34, 35], "summary": {"covered_lines": 11, "num_statements": 12, "percent_covered": 88.88888888888889, "percent_covered_display": "89", "missing_lines": 1, "excluded_lines": 0, "percent_statements_covered": 91.66666666666667, "percent_statements_covered_display": "92", "num_branches": 6, "num_partial_branches": 1, "covered_branches": 5, "missing_branches": 1, "percent_branches_covered": 83.33333333333333, "percent_branches_covered_display": "83"}, "missing_lines": [30], "excluded_lines": [], "start_line": 7, "executed_branches": [[26, 27], [26, 33], [29, 31], [33, -12], [33, 34]], "missing_branches": [[29, 30]]}, "": {"executed_lines": [2, 4, 7, 8, 12, 38, 39, 40, 41], "summary": {"covered_lines": 9, "num_statements": 9, "percent_covered": 100.0, "percent_covered_display": "100", "missing_lines": 0, "excluded_lines": 0, "percent_statements_covered": 100.0, "percent_statements_covered_display": "100", "num_branches": 0, "num_partial_branches": 0, "covered_branches": 0, "missing_branches": 0, "percent_branches_covered": 100.0, "percent_branches_covered_display": "100"}, "missing_lines": [], "excluded_lines": [], "start_line": 1, "executed_branches": [], "missing_branches": []}}}, "src/rekipedia/extractors/__init__.py": {"executed_lines": [2, 3, 4, 6, 8], "summary": {"covered_lines": 5, "num_statements": 5, "percent_covered": 100.0, "percent_covered_display": "100", "missing_lines": 0, "excluded_lines": 0, "percent_statements_covered": 100.0, "percent_statements_covered_display": "100", "num_branches": 0, "num_partial_branches": 0, "covered_branches": 0, "missing_branches": 0, "percent_branches_covered": 100.0, "percent_branches_covered_display": "100"}, "missing_lines": [], "excluded_lines": [], "executed_branches": [], "missing_branches": [], "functions": {"": {"executed_lines": [2, 3, 4, 6, 8], "summary": {"covered_lines": 5, "num_statements": 5, "percent_covered": 100.0, "percent_covered_display": "100", "missing_lines": 0, "excluded_lines": 0, "percent_statements_covered": 100.0, "percent_statements_covered_display": "100", "num_branches": 0, "num_partial_branches": 0, "covered_branches": 0, "missing_branches": 0, "percent_branches_covered": 100.0, "percent_branches_covered_display": "100"}, "missing_lines": [], "excluded_lines": [], "start_line": 1, "executed_branches": [], "missing_branches": []}}, "classes": {"": {"executed_lines": [2, 3, 4, 6, 8], "summary": {"covered_lines": 5, "num_statements": 5, "percent_covered": 100.0, "percent_covered_display": "100", "missing_lines": 0, "excluded_lines": 0, "percent_statements_covered": 100.0, "percent_statements_covered_display": "100", "num_branches": 0, "num_partial_branches": 0, "covered_branches": 0, "missing_branches": 0, "percent_branches_covered": 100.0, "percent_branches_covered_display": "100"}, "missing_lines": [], "excluded_lines": [], "start_line": 1, "executed_branches": [], "missing_branches": []}}}, "src/rekipedia/extractors/base.py": {"executed_lines": [2, 4, 5, 7, 10, 13, 14, 17, 18], "summary": {"covered_lines": 9, "num_statements": 9, "percent_covered": 100.0, "percent_covered_display": "100", "missing_lines": 0, "excluded_lines": 0, "percent_statements_covered": 100.0, "percent_statements_covered_display": "100", "num_branches": 0, "num_partial_branches": 0, "covered_branches": 0, "missing_branches": 0, "percent_branches_covered": 100.0, "percent_branches_covered_display": "100"}, "missing_lines": [], "excluded_lines": [], "executed_branches": [], "missing_branches": [], "functions": {"BaseExtractor.can_handle": {"executed_lines": [], "summary": {"covered_lines": 0, "num_statements": 0, "percent_covered": 100.0, "percent_covered_display": "100", "missing_lines": 0, "excluded_lines": 0, "percent_statements_covered": 100.0, "percent_statements_covered_display": "100", "num_branches": 0, "num_partial_branches": 0, "covered_branches": 0, "missing_branches": 0, "percent_branches_covered": 100.0, "percent_branches_covered_display": "100"}, "missing_lines": [], "excluded_lines": [], "start_line": 14, "executed_branches": [], "missing_branches": []}, "BaseExtractor.extract": {"executed_lines": [], "summary": {"covered_lines": 0, "num_statements": 0, "percent_covered": 100.0, "percent_covered_display": "100", "missing_lines": 0, "excluded_lines": 0, "percent_statements_covered": 100.0, "percent_statements_covered_display": "100", "num_branches": 0, "num_partial_branches": 0, "covered_branches": 0, "missing_branches": 0, "percent_branches_covered": 100.0, "percent_branches_covered_display": "100"}, "missing_lines": [], "excluded_lines": [], "start_line": 18, "executed_branches": [], "missing_branches": []}, "": {"executed_lines": [2, 4, 5, 7, 10, 13, 14, 17, 18], "summary": {"covered_lines": 9, "num_statements": 9, "percent_covered": 100.0, "percent_covered_display": "100", "missing_lines": 0, "excluded_lines": 0, "percent_statements_covered": 100.0, "percent_statements_covered_display": "100", "num_branches": 0, "num_partial_branches": 0, "covered_branches": 0, "missing_branches": 0, "percent_branches_covered": 100.0, "percent_branches_covered_display": "100"}, "missing_lines": [], "excluded_lines": [], "start_line": 1, "executed_branches": [], "missing_branches": []}}, "classes": {"BaseExtractor": {"executed_lines": [], "summary": {"covered_lines": 0, "num_statements": 0, "percent_covered": 100.0, "percent_covered_display": "100", "missing_lines": 0, "excluded_lines": 0, "percent_statements_covered": 100.0, "percent_statements_covered_display": "100", "num_branches": 0, "num_partial_branches": 0, "covered_branches": 0, "missing_branches": 0, "percent_branches_covered": 100.0, "percent_branches_covered_display": "100"}, "missing_lines": [], "excluded_lines": [], "start_line": 10, "executed_branches": [], "missing_branches": []}, "": {"executed_lines": [2, 4, 5, 7, 10, 13, 14, 17, 18], "summary": {"covered_lines": 9, "num_statements": 9, "percent_covered": 100.0, "percent_covered_display": "100", "missing_lines": 0, "excluded_lines": 0, "percent_statements_covered": 100.0, "percent_statements_covered_display": "100", "num_branches": 0, "num_partial_branches": 0, "covered_branches": 0, "missing_branches": 0, "percent_branches_covered": 100.0, "percent_branches_covered_display": "100"}, "missing_lines": [], "excluded_lines": [], "start_line": 1, "executed_branches": [], "missing_branches": []}}}, "src/rekipedia/extractors/config_extractor.py": {"executed_lines": [2, 4, 5, 6, 8, 9, 11, 20, 23, 24, 25, 26, 28, 29, 30, 32, 33, 34, 35, 37, 38, 42, 43, 44, 45, 46, 48, 49, 51, 64, 70, 71, 74, 75, 76, 77, 79, 80, 82, 83, 84, 85, 86, 87, 91, 98, 99, 100, 101, 102, 104, 106, 109, 113, 133, 140, 141, 142, 143, 146, 147], "summary": {"covered_lines": 61, "num_statements": 87, "percent_covered": 61.15107913669065, "percent_covered_display": "61", "missing_lines": 26, "excluded_lines": 0, "percent_statements_covered": 70.11494252873563, "percent_statements_covered_display": "70", "num_branches": 52, "num_partial_branches": 16, "covered_branches": 24, "missing_branches": 28, "percent_branches_covered": 46.15384615384615, "percent_branches_covered_display": "46"}, "missing_lines": [39, 40, 47, 72, 73, 78, 81, 88, 103, 105, 107, 110, 119, 120, 121, 122, 123, 124, 125, 126, 127, 128, 129, 130, 144, 145], "excluded_lines": [], "executed_branches": [[42, 43], [42, 44], [44, 45], [44, 46], [46, 48], [48, 49], [75, 76], [77, 79], [79, 80], [79, 82], [80, 79], [82, 83], [84, 85], [87, -64], [98, 99], [100, 101], [102, 104], [104, 106], [106, 109], [109, -91], [140, 141], [140, 146], [142, 143], [146, 147]], "missing_branches": [[46, 47], [48, 51], [75, 77], [77, 78], [80, 81], [82, 84], [84, 86], [87, 88], [98, 100], [100, 102], [102, 103], [104, 105], [106, 107], [109, 110], [120, 121], [120, 130], [122, 123], [122, 124], [124, 125], [124, 126], [126, 127], [126, 128], [128, 120], [128, 129], [142, 144], [144, 140], [144, 145], [146, -133]], "functions": {"ConfigExtractor.can_handle": {"executed_lines": [25, 26], "summary": {"covered_lines": 2, "num_statements": 2, "percent_covered": 100.0, "percent_covered_display": "100", "missing_lines": 0, "excluded_lines": 0, "percent_statements_covered": 100.0, "percent_statements_covered_display": "100", "num_branches": 0, "num_partial_branches": 0, "covered_branches": 0, "missing_branches": 0, "percent_branches_covered": 100.0, "percent_branches_covered_display": "100"}, "missing_lines": [], "excluded_lines": [], "start_line": 24, "executed_branches": [], "missing_branches": []}, "ConfigExtractor.extract": {"executed_lines": [29, 30, 32, 33, 34, 35, 37, 38, 42, 43, 44, 45, 46, 48, 49, 51], "summary": {"covered_lines": 16, "num_statements": 19, "percent_covered": 81.48148148148148, "percent_covered_display": "81", "missing_lines": 3, "excluded_lines": 0, "percent_statements_covered": 84.21052631578948, "percent_statements_covered_display": "84", "num_branches": 8, "num_partial_branches": 2, "covered_branches": 6, "missing_branches": 2, "percent_branches_covered": 75.0, "percent_branches_covered_display": "75"}, "missing_lines": [39, 40, 47], "excluded_lines": [], "start_line": 28, "executed_branches": [[42, 43], [42, 44], [44, 45], [44, 46], [46, 48], [48, 49]], "missing_branches": [[46, 47], [48, 51]]}, "_parse_package_json": {"executed_lines": [70, 71, 74, 75, 76, 77, 79, 80, 82, 83, 84, 85, 86, 87], "summary": {"covered_lines": 14, "num_statements": 19, "percent_covered": 66.66666666666667, "percent_covered_display": "67", "missing_lines": 5, "excluded_lines": 0, "percent_statements_covered": 73.6842105263158, "percent_statements_covered_display": "74", "num_branches": 14, "num_partial_branches": 6, "covered_branches": 8, "missing_branches": 6, "percent_branches_covered": 57.142857142857146, "percent_branches_covered_display": "57"}, "missing_lines": [72, 73, 78, 81, 88], "excluded_lines": [], "start_line": 64, "executed_branches": [[75, 76], [77, 79], [79, 80], [79, 82], [80, 79], [82, 83], [84, 85], [87, -64]], "missing_branches": [[75, 77], [77, 78], [80, 81], [82, 84], [84, 86], [87, 88]]}, "_parse_pyproject_toml": {"executed_lines": [98, 99, 100, 101, 102, 104, 106, 109], "summary": {"covered_lines": 8, "num_statements": 12, "percent_covered": 58.333333333333336, "percent_covered_display": "58", "missing_lines": 4, "excluded_lines": 0, "percent_statements_covered": 66.66666666666667, "percent_statements_covered_display": "67", "num_branches": 12, "num_partial_branches": 6, "covered_branches": 6, "missing_branches": 6, "percent_branches_covered": 50.0, "percent_branches_covered_display": "50"}, "missing_lines": [103, 105, 107, 110], "excluded_lines": [], "start_line": 91, "executed_branches": [[98, 99], [100, 101], [102, 104], [104, 106], [106, 109], [109, -91]], "missing_branches": [[98, 100], [100, 102], [102, 103], [104, 105], [106, 107], [109, 110]]}, "_parse_dockerfile": {"executed_lines": [], "summary": {"covered_lines": 0, "num_statements": 12, "percent_covered": 0.0, "percent_covered_display": "0", "missing_lines": 12, "excluded_lines": 0, "percent_statements_covered": 0.0, "percent_statements_covered_display": "0", "num_branches": 10, "num_partial_branches": 0, "covered_branches": 0, "missing_branches": 10, "percent_branches_covered": 0.0, "percent_branches_covered_display": "0"}, "missing_lines": [119, 120, 121, 122, 123, 124, 125, 126, 127, 128, 129, 130], "excluded_lines": [], "start_line": 113, "executed_branches": [], "missing_branches": [[120, 121], [120, 130], [122, 123], [122, 124], [124, 125], [124, 126], [126, 127], [126, 128], [128, 120], [128, 129]]}, "_parse_ci_yml": {"executed_lines": [140, 141, 142, 143, 146, 147], "summary": {"covered_lines": 6, "num_statements": 8, "percent_covered": 62.5, "percent_covered_display": "62", "missing_lines": 2, "excluded_lines": 0, "percent_statements_covered": 75.0, "percent_statements_covered_display": "75", "num_branches": 8, "num_partial_branches": 2, "covered_branches": 4, "missing_branches": 4, "percent_branches_covered": 50.0, "percent_branches_covered_display": "50"}, "missing_lines": [144, 145], "excluded_lines": [], "start_line": 133, "executed_branches": [[140, 141], [140, 146], [142, 143], [146, 147]], "missing_branches": [[142, 144], [144, 140], [144, 145], [146, -133]]}, "": {"executed_lines": [2, 4, 5, 6, 8, 9, 11, 20, 23, 24, 28, 64, 91, 113, 133], "summary": {"covered_lines": 15, "num_statements": 15, "percent_covered": 100.0, "percent_covered_display": "100", "missing_lines": 0, "excluded_lines": 0, "percent_statements_covered": 100.0, "percent_statements_covered_display": "100", "num_branches": 0, "num_partial_branches": 0, "covered_branches": 0, "missing_branches": 0, "percent_branches_covered": 100.0, "percent_branches_covered_display": "100"}, "missing_lines": [], "excluded_lines": [], "start_line": 1, "executed_branches": [], "missing_branches": []}}, "classes": {"ConfigExtractor": {"executed_lines": [25, 26, 29, 30, 32, 33, 34, 35, 37, 38, 42, 43, 44, 45, 46, 48, 49, 51], "summary": {"covered_lines": 18, "num_statements": 21, "percent_covered": 82.75862068965517, "percent_covered_display": "83", "missing_lines": 3, "excluded_lines": 0, "percent_statements_covered": 85.71428571428571, "percent_statements_covered_display": "86", "num_branches": 8, "num_partial_branches": 2, "covered_branches": 6, "missing_branches": 2, "percent_branches_covered": 75.0, "percent_branches_covered_display": "75"}, "missing_lines": [39, 40, 47], "excluded_lines": [], "start_line": 23, "executed_branches": [[42, 43], [42, 44], [44, 45], [44, 46], [46, 48], [48, 49]], "missing_branches": [[46, 47], [48, 51]]}, "": {"executed_lines": [2, 4, 5, 6, 8, 9, 11, 20, 23, 24, 28, 64, 70, 71, 74, 75, 76, 77, 79, 80, 82, 83, 84, 85, 86, 87, 91, 98, 99, 100, 101, 102, 104, 106, 109, 113, 133, 140, 141, 142, 143, 146, 147], "summary": {"covered_lines": 43, "num_statements": 66, "percent_covered": 55.45454545454545, "percent_covered_display": "55", "missing_lines": 23, "excluded_lines": 0, "percent_statements_covered": 65.15151515151516, "percent_statements_covered_display": "65", "num_branches": 44, "num_partial_branches": 14, "covered_branches": 18, "missing_branches": 26, "percent_branches_covered": 40.90909090909091, "percent_branches_covered_display": "41"}, "missing_lines": [72, 73, 78, 81, 88, 103, 105, 107, 110, 119, 120, 121, 122, 123, 124, 125, 126, 127, 128, 129, 130, 144, 145], "excluded_lines": [], "start_line": 1, "executed_branches": [[75, 76], [77, 79], [79, 80], [79, 82], [80, 79], [82, 83], [84, 85], [87, -64], [98, 99], [100, 101], [102, 104], [104, 106], [106, 109], [109, -91], [140, 141], [140, 146], [142, 143], [146, 147]], "missing_branches": [[75, 77], [77, 78], [80, 81], [82, 84], [84, 86], [87, 88], [98, 100], [100, 102], [102, 103], [104, 105], [106, 107], [109, 110], [120, 121], [120, 130], [122, 123], [122, 124], [124, 125], [124, 126], [126, 127], [126, 128], [128, 120], [128, 129], [142, 144], [144, 140], [144, 145], [146, -133]]}}}, "src/rekipedia/extractors/python_extractor.py": {"executed_lines": [2, 4, 5, 7, 8, 10, 13, 14, 15, 17, 18, 19, 20, 21, 22, 23, 30, 31, 34, 35, 42, 43, 44, 51, 52, 53, 64, 65, 76, 77, 78, 90, 104, 106, 117, 118, 119, 120, 121, 124, 132, 133, 134, 140, 141], "summary": {"covered_lines": 45, "num_statements": 55, "percent_covered": 77.01149425287356, "percent_covered_display": "77", "missing_lines": 10, "excluded_lines": 0, "percent_statements_covered": 81.81818181818181, "percent_statements_covered_display": "82", "num_branches": 32, "num_partial_branches": 2, "covered_branches": 22, "missing_branches": 10, "percent_branches_covered": 68.75, "percent_branches_covered_display": "69"}, "missing_lines": [36, 37, 91, 92, 93, 125, 126, 127, 128, 129], "excluded_lines": [], "executed_branches": [[34, 35], [34, 51], [35, 42], [42, 34], [42, 43], [51, 52], [51, 104], [52, 53], [52, 64], [64, 51], [64, 65], [76, 77], [76, 90], [77, 76], [77, 78], [90, 51], [119, 120], [119, 121], [133, 134], [133, 141], [134, 133], [134, 140]], "missing_branches": [[35, 36], [36, 34], [36, 37], [90, 91], [92, 90], [92, 93], [125, 126], [125, 127], [127, 128], [127, 129]], "functions": {"PythonExtractor.can_handle": {"executed_lines": [15], "summary": {"covered_lines": 1, "num_statements": 1, "percent_covered": 100.0, "percent_covered_display": "100", "missing_lines": 0, "excluded_lines": 0, "percent_statements_covered": 100.0, "percent_statements_covered_display": "100", "num_branches": 0, "num_partial_branches": 0, "covered_branches": 0, "missing_branches": 0, "percent_branches_covered": 100.0, "percent_branches_covered_display": "100"}, "missing_lines": [], "excluded_lines": [], "start_line": 14, "executed_branches": [], "missing_branches": []}, "PythonExtractor.extract": {"executed_lines": [18, 19, 20, 21, 22, 23, 30, 31, 34, 35, 42, 43, 44, 51, 52, 53, 64, 65, 76, 77, 78, 90, 104, 106], "summary": {"covered_lines": 24, "num_statements": 29, "percent_covered": 78.43137254901961, "percent_covered_display": "78", "missing_lines": 5, "excluded_lines": 0, "percent_statements_covered": 82.75862068965517, "percent_statements_covered_display": "83", "num_branches": 22, "num_partial_branches": 2, "covered_branches": 16, "missing_branches": 6, "percent_branches_covered": 72.72727272727273, "percent_branches_covered_display": "73"}, "missing_lines": [36, 37, 91, 92, 93], "excluded_lines": [], "start_line": 17, "executed_branches": [[34, 35], [34, 51], [35, 42], [42, 34], [42, 43], [51, 52], [51, 104], [52, 53], [52, 64], [64, 51], [64, 65], [76, 77], [76, 90], [77, 76], [77, 78], [90, 51]], "missing_branches": [[35, 36], [36, 34], [36, 37], [90, 91], [92, 90], [92, 93]]}, "_func_sig": {"executed_lines": [118, 119, 120, 121], "summary": {"covered_lines": 4, "num_statements": 4, "percent_covered": 100.0, "percent_covered_display": "100", "missing_lines": 0, "excluded_lines": 0, "percent_statements_covered": 100.0, "percent_statements_covered_display": "100", "num_branches": 2, "num_partial_branches": 0, "covered_branches": 2, "missing_branches": 0, "percent_branches_covered": 100.0, "percent_branches_covered_display": "100"}, "missing_lines": [], "excluded_lines": [], "start_line": 117, "executed_branches": [[119, 120], [119, 121]], "missing_branches": []}, "_name_to_str": {"executed_lines": [], "summary": {"covered_lines": 0, "num_statements": 5, "percent_covered": 0.0, "percent_covered_display": "0", "missing_lines": 5, "excluded_lines": 0, "percent_statements_covered": 0.0, "percent_statements_covered_display": "0", "num_branches": 4, "num_partial_branches": 0, "covered_branches": 0, "missing_branches": 4, "percent_branches_covered": 0.0, "percent_branches_covered_display": "0"}, "missing_lines": [125, 126, 127, 128, 129], "excluded_lines": [], "start_line": 124, "executed_branches": [], "missing_branches": [[125, 126], [125, 127], [127, 128], [127, 129]]}, "_detect_entry_points": {"executed_lines": [133, 134, 140, 141], "summary": {"covered_lines": 4, "num_statements": 4, "percent_covered": 100.0, "percent_covered_display": "100", "missing_lines": 0, "excluded_lines": 0, "percent_statements_covered": 100.0, "percent_statements_covered_display": "100", "num_branches": 4, "num_partial_branches": 0, "covered_branches": 4, "missing_branches": 0, "percent_branches_covered": 100.0, "percent_branches_covered_display": "100"}, "missing_lines": [], "excluded_lines": [], "start_line": 132, "executed_branches": [[133, 134], [133, 141], [134, 133], [134, 140]], "missing_branches": []}, "": {"executed_lines": [2, 4, 5, 7, 8, 10, 13, 14, 17, 117, 124, 132], "summary": {"covered_lines": 12, "num_statements": 12, "percent_covered": 100.0, "percent_covered_display": "100", "missing_lines": 0, "excluded_lines": 0, "percent_statements_covered": 100.0, "percent_statements_covered_display": "100", "num_branches": 0, "num_partial_branches": 0, "covered_branches": 0, "missing_branches": 0, "percent_branches_covered": 100.0, "percent_branches_covered_display": "100"}, "missing_lines": [], "excluded_lines": [], "start_line": 1, "executed_branches": [], "missing_branches": []}}, "classes": {"PythonExtractor": {"executed_lines": [15, 18, 19, 20, 21, 22, 23, 30, 31, 34, 35, 42, 43, 44, 51, 52, 53, 64, 65, 76, 77, 78, 90, 104, 106], "summary": {"covered_lines": 25, "num_statements": 30, "percent_covered": 78.84615384615384, "percent_covered_display": "79", "missing_lines": 5, "excluded_lines": 0, "percent_statements_covered": 83.33333333333333, "percent_statements_covered_display": "83", "num_branches": 22, "num_partial_branches": 2, "covered_branches": 16, "missing_branches": 6, "percent_branches_covered": 72.72727272727273, "percent_branches_covered_display": "73"}, "missing_lines": [36, 37, 91, 92, 93], "excluded_lines": [], "start_line": 13, "executed_branches": [[34, 35], [34, 51], [35, 42], [42, 34], [42, 43], [51, 52], [51, 104], [52, 53], [52, 64], [64, 51], [64, 65], [76, 77], [76, 90], [77, 76], [77, 78], [90, 51]], "missing_branches": [[35, 36], [36, 34], [36, 37], [90, 91], [92, 90], [92, 93]]}, "": {"executed_lines": [2, 4, 5, 7, 8, 10, 13, 14, 17, 117, 118, 119, 120, 121, 124, 132, 133, 134, 140, 141], "summary": {"covered_lines": 20, "num_statements": 25, "percent_covered": 74.28571428571429, "percent_covered_display": "74", "missing_lines": 5, "excluded_lines": 0, "percent_statements_covered": 80.0, "percent_statements_covered_display": "80", "num_branches": 10, "num_partial_branches": 0, "covered_branches": 6, "missing_branches": 4, "percent_branches_covered": 60.0, "percent_branches_covered_display": "60"}, "missing_lines": [125, 126, 127, 128, 129], "excluded_lines": [], "start_line": 1, "executed_branches": [[119, 120], [119, 121], [133, 134], [133, 141], [134, 133], [134, 140]], "missing_branches": [[125, 126], [125, 127], [127, 128], [127, 129]]}}}, "src/rekipedia/extractors/typescript_extractor.py": {"executed_lines": [2, 4, 5, 7, 8, 10, 13, 17, 21, 25, 29, 30, 31, 34, 35, 36, 38, 39, 40, 41, 45, 46, 49, 52, 53, 60, 61, 70, 82, 83, 86, 87, 94, 96, 99, 100, 101, 103, 112, 113], "summary": {"covered_lines": 40, "num_statements": 45, "percent_covered": 85.24590163934427, "percent_covered_display": "85", "missing_lines": 5, "excluded_lines": 0, "percent_statements_covered": 88.88888888888889, "percent_statements_covered_display": "89", "num_branches": 16, "num_partial_branches": 4, "covered_branches": 12, "missing_branches": 4, "percent_branches_covered": 75.0, "percent_branches_covered_display": "75"}, "missing_lines": [42, 43, 71, 95, 97], "excluded_lines": [], "executed_branches": [[52, 53], [52, 60], [60, 61], [60, 70], [70, 82], [82, 83], [82, 94], [86, 87], [94, 96], [96, 99], [100, 101], [100, 103]], "missing_branches": [[70, 71], [86, 82], [94, 95], [96, 97]], "functions": {"TypeScriptExtractor.can_handle": {"executed_lines": [36], "summary": {"covered_lines": 1, "num_statements": 1, "percent_covered": 100.0, "percent_covered_display": "100", "missing_lines": 0, "excluded_lines": 0, "percent_statements_covered": 100.0, "percent_statements_covered_display": "100", "num_branches": 0, "num_partial_branches": 0, "covered_branches": 0, "missing_branches": 0, "percent_branches_covered": 100.0, "percent_branches_covered_display": "100"}, "missing_lines": [], "excluded_lines": [], "start_line": 35, "executed_branches": [], "missing_branches": []}, "TypeScriptExtractor.extract": {"executed_lines": [39, 40, 41, 45, 46, 49, 52, 53, 60, 61, 70, 82, 83, 86, 87, 94, 96, 99, 100, 101, 103], "summary": {"covered_lines": 21, "num_statements": 26, "percent_covered": 78.57142857142857, "percent_covered_display": "79", "missing_lines": 5, "excluded_lines": 0, "percent_statements_covered": 80.76923076923077, "percent_statements_covered_display": "81", "num_branches": 16, "num_partial_branches": 4, "covered_branches": 12, "missing_branches": 4, "percent_branches_covered": 75.0, "percent_branches_covered_display": "75"}, "missing_lines": [42, 43, 71, 95, 97], "excluded_lines": [], "start_line": 38, "executed_branches": [[52, 53], [52, 60], [60, 61], [60, 70], [70, 82], [82, 83], [82, 94], [86, 87], [94, 96], [96, 99], [100, 101], [100, 103]], "missing_branches": [[70, 71], [86, 82], [94, 95], [96, 97]]}, "_line_of": {"executed_lines": [113], "summary": {"covered_lines": 1, "num_statements": 1, "percent_covered": 100.0, "percent_covered_display": "100", "missing_lines": 0, "excluded_lines": 0, "percent_statements_covered": 100.0, "percent_statements_covered_display": "100", "num_branches": 0, "num_partial_branches": 0, "covered_branches": 0, "missing_branches": 0, "percent_branches_covered": 100.0, "percent_branches_covered_display": "100"}, "missing_lines": [], "excluded_lines": [], "start_line": 112, "executed_branches": [], "missing_branches": []}, "": {"executed_lines": [2, 4, 5, 7, 8, 10, 13, 17, 21, 25, 29, 30, 31, 34, 35, 38, 112], "summary": {"covered_lines": 17, "num_statements": 17, "percent_covered": 100.0, "percent_covered_display": "100", "missing_lines": 0, "excluded_lines": 0, "percent_statements_covered": 100.0, "percent_statements_covered_display": "100", "num_branches": 0, "num_partial_branches": 0, "covered_branches": 0, "missing_branches": 0, "percent_branches_covered": 100.0, "percent_branches_covered_display": "100"}, "missing_lines": [], "excluded_lines": [], "start_line": 1, "executed_branches": [], "missing_branches": []}}, "classes": {"TypeScriptExtractor": {"executed_lines": [36, 39, 40, 41, 45, 46, 49, 52, 53, 60, 61, 70, 82, 83, 86, 87, 94, 96, 99, 100, 101, 103], "summary": {"covered_lines": 22, "num_statements": 27, "percent_covered": 79.06976744186046, "percent_covered_display": "79", "missing_lines": 5, "excluded_lines": 0, "percent_statements_covered": 81.48148148148148, "percent_statements_covered_display": "81", "num_branches": 16, "num_partial_branches": 4, "covered_branches": 12, "missing_branches": 4, "percent_branches_covered": 75.0, "percent_branches_covered_display": "75"}, "missing_lines": [42, 43, 71, 95, 97], "excluded_lines": [], "start_line": 34, "executed_branches": [[52, 53], [52, 60], [60, 61], [60, 70], [70, 82], [82, 83], [82, 94], [86, 87], [94, 96], [96, 99], [100, 101], [100, 103]], "missing_branches": [[70, 71], [86, 82], [94, 95], [96, 97]]}, "": {"executed_lines": [2, 4, 5, 7, 8, 10, 13, 17, 21, 25, 29, 30, 31, 34, 35, 38, 112, 113], "summary": {"covered_lines": 18, "num_statements": 18, "percent_covered": 100.0, "percent_covered_display": "100", "missing_lines": 0, "excluded_lines": 0, "percent_statements_covered": 100.0, "percent_statements_covered_display": "100", "num_branches": 0, "num_partial_branches": 0, "covered_branches": 0, "missing_branches": 0, "percent_branches_covered": 100.0, "percent_branches_covered_display": "100"}, "missing_lines": [], "excluded_lines": [], "start_line": 1, "executed_branches": [], "missing_branches": []}}}, "src/rekipedia/llm/__init__.py": {"executed_lines": [], "summary": {"covered_lines": 0, "num_statements": 0, "percent_covered": 100.0, "percent_covered_display": "100", "missing_lines": 0, "excluded_lines": 0, "percent_statements_covered": 100.0, "percent_statements_covered_display": "100", "num_branches": 0, "num_partial_branches": 0, "covered_branches": 0, "missing_branches": 0, "percent_branches_covered": 100.0, "percent_branches_covered_display": "100"}, "missing_lines": [], "excluded_lines": [], "executed_branches": [], "missing_branches": [], "functions": {"": {"executed_lines": [], "summary": {"covered_lines": 0, "num_statements": 0, "percent_covered": 100.0, "percent_covered_display": "100", "missing_lines": 0, "excluded_lines": 0, "percent_statements_covered": 100.0, "percent_statements_covered_display": "100", "num_branches": 0, "num_partial_branches": 0, "covered_branches": 0, "missing_branches": 0, "percent_branches_covered": 100.0, "percent_branches_covered_display": "100"}, "missing_lines": [], "excluded_lines": [], "start_line": 1, "executed_branches": [], "missing_branches": []}}, "classes": {"": {"executed_lines": [], "summary": {"covered_lines": 0, "num_statements": 0, "percent_covered": 100.0, "percent_covered_display": "100", "missing_lines": 0, "excluded_lines": 0, "percent_statements_covered": 100.0, "percent_statements_covered_display": "100", "num_branches": 0, "num_partial_branches": 0, "covered_branches": 0, "missing_branches": 0, "percent_branches_covered": 100.0, "percent_branches_covered_display": "100"}, "missing_lines": [], "excluded_lines": [], "start_line": 1, "executed_branches": [], "missing_branches": []}}}, "src/rekipedia/llm/client.py": {"executed_lines": [2, 4, 5, 6, 7, 9, 11, 13, 16, 18, 20, 28, 30, 31, 32, 33, 34, 45, 48, 50, 51, 52, 53, 55, 56, 61, 63, 65, 67, 74, 75, 76, 77, 79, 80, 81, 83, 84, 87, 89], "summary": {"covered_lines": 40, "num_statements": 62, "percent_covered": 53.57142857142857, "percent_covered_display": "54", "missing_lines": 22, "excluded_lines": 0, "percent_statements_covered": 64.51612903225806, "percent_statements_covered_display": "65", "num_branches": 22, "num_partial_branches": 5, "covered_branches": 5, "missing_branches": 17, "percent_branches_covered": 22.727272727272727, "percent_branches_covered_display": "23"}, "missing_lines": [35, 36, 37, 38, 42, 62, 64, 85, 95, 96, 97, 98, 100, 101, 102, 103, 104, 106, 107, 108, 109, 110], "excluded_lines": [], "executed_branches": [[31, 32], [61, 63], [63, 65], [75, 76], [80, 81]], "missing_branches": [[31, -28], [35, 36], [35, 37], [61, 62], [63, 64], [75, 77], [80, 83], [96, 97], [96, 98], [101, 102], [101, 103], [103, 104], [103, 106], [107, -89], [107, 108], [109, 107], [109, 110]], "functions": {"_with_retry": {"executed_lines": [30, 31, 32, 33, 34], "summary": {"covered_lines": 5, "num_statements": 10, "percent_covered": 42.857142857142854, "percent_covered_display": "43", "missing_lines": 5, "excluded_lines": 0, "percent_statements_covered": 50.0, "percent_statements_covered_display": "50", "num_branches": 4, "num_partial_branches": 1, "covered_branches": 1, "missing_branches": 3, "percent_branches_covered": 25.0, "percent_branches_covered_display": "25"}, "missing_lines": [35, 36, 37, 38, 42], "excluded_lines": [], "start_line": 28, "executed_branches": [[31, 32]], "missing_branches": [[31, -28], [35, 36], [35, 37]]}, "LLMClient.__init__": {"executed_lines": [50, 51, 52, 53], "summary": {"covered_lines": 4, "num_statements": 4, "percent_covered": 100.0, "percent_covered_display": "100", "missing_lines": 0, "excluded_lines": 0, "percent_statements_covered": 100.0, "percent_statements_covered_display": "100", "num_branches": 0, "num_partial_branches": 0, "covered_branches": 0, "missing_branches": 0, "percent_branches_covered": 100.0, "percent_branches_covered_display": "100"}, "missing_lines": [], "excluded_lines": [], "start_line": 48, "executed_branches": [], "missing_branches": []}, "LLMClient._base_kwargs": {"executed_lines": [56, 61, 63, 65], "summary": {"covered_lines": 4, "num_statements": 6, "percent_covered": 60.0, "percent_covered_display": "60", "missing_lines": 2, "excluded_lines": 0, "percent_statements_covered": 66.66666666666667, "percent_statements_covered_display": "67", "num_branches": 4, "num_partial_branches": 2, "covered_branches": 2, "missing_branches": 2, "percent_branches_covered": 50.0, "percent_branches_covered_display": "50"}, "missing_lines": [62, 64], "excluded_lines": [], "start_line": 55, "executed_branches": [[61, 63], [63, 65]], "missing_branches": [[61, 62], [63, 64]]}, "LLMClient.call": {"executed_lines": [74, 75, 76, 77, 79, 80, 81, 83, 87], "summary": {"covered_lines": 9, "num_statements": 9, "percent_covered": 84.61538461538461, "percent_covered_display": "85", "missing_lines": 0, "excluded_lines": 0, "percent_statements_covered": 100.0, "percent_statements_covered_display": "100", "num_branches": 4, "num_partial_branches": 2, "covered_branches": 2, "missing_branches": 2, "percent_branches_covered": 50.0, "percent_branches_covered_display": "50"}, "missing_lines": [], "excluded_lines": [], "start_line": 67, "executed_branches": [[75, 76], [80, 81]], "missing_branches": [[75, 77], [80, 83]]}, "LLMClient.call._call": {"executed_lines": [84], "summary": {"covered_lines": 1, "num_statements": 2, "percent_covered": 50.0, "percent_covered_display": "50", "missing_lines": 1, "excluded_lines": 0, "percent_statements_covered": 50.0, "percent_statements_covered_display": "50", "num_branches": 0, "num_partial_branches": 0, "covered_branches": 0, "missing_branches": 0, "percent_branches_covered": 100.0, "percent_branches_covered_display": "100"}, "missing_lines": [85], "excluded_lines": [], "start_line": 83, "executed_branches": [], "missing_branches": []}, "LLMClient.stream": {"executed_lines": [], "summary": {"covered_lines": 0, "num_statements": 14, "percent_covered": 0.0, "percent_covered_display": "0", "missing_lines": 14, "excluded_lines": 0, "percent_statements_covered": 0.0, "percent_statements_covered_display": "0", "num_branches": 10, "num_partial_branches": 0, "covered_branches": 0, "missing_branches": 10, "percent_branches_covered": 0.0, "percent_branches_covered_display": "0"}, "missing_lines": [95, 96, 97, 98, 100, 101, 102, 103, 104, 106, 107, 108, 109, 110], "excluded_lines": [], "start_line": 89, "executed_branches": [], "missing_branches": [[96, 97], [96, 98], [101, 102], [101, 103], [103, 104], [103, 106], [107, -89], [107, 108], [109, 107], [109, 110]]}, "": {"executed_lines": [2, 4, 5, 6, 7, 9, 11, 13, 16, 18, 20, 28, 45, 48, 55, 67, 89], "summary": {"covered_lines": 17, "num_statements": 17, "percent_covered": 100.0, "percent_covered_display": "100", "missing_lines": 0, "excluded_lines": 0, "percent_statements_covered": 100.0, "percent_statements_covered_display": "100", "num_branches": 0, "num_partial_branches": 0, "covered_branches": 0, "missing_branches": 0, "percent_branches_covered": 100.0, "percent_branches_covered_display": "100"}, "missing_lines": [], "excluded_lines": [], "start_line": 1, "executed_branches": [], "missing_branches": []}}, "classes": {"LLMClient": {"executed_lines": [50, 51, 52, 53, 56, 61, 63, 65, 74, 75, 76, 77, 79, 80, 81, 83, 84, 87], "summary": {"covered_lines": 18, "num_statements": 35, "percent_covered": 41.509433962264154, "percent_covered_display": "42", "missing_lines": 17, "excluded_lines": 0, "percent_statements_covered": 51.42857142857143, "percent_statements_covered_display": "51", "num_branches": 18, "num_partial_branches": 4, "covered_branches": 4, "missing_branches": 14, "percent_branches_covered": 22.22222222222222, "percent_branches_covered_display": "22"}, "missing_lines": [62, 64, 85, 95, 96, 97, 98, 100, 101, 102, 103, 104, 106, 107, 108, 109, 110], "excluded_lines": [], "start_line": 45, "executed_branches": [[61, 63], [63, 65], [75, 76], [80, 81]], "missing_branches": [[61, 62], [63, 64], [75, 77], [80, 83], [96, 97], [96, 98], [101, 102], [101, 103], [103, 104], [103, 106], [107, -89], [107, 108], [109, 107], [109, 110]]}, "": {"executed_lines": [2, 4, 5, 6, 7, 9, 11, 13, 16, 18, 20, 28, 30, 31, 32, 33, 34, 45, 48, 55, 67, 89], "summary": {"covered_lines": 22, "num_statements": 27, "percent_covered": 74.19354838709677, "percent_covered_display": "74", "missing_lines": 5, "excluded_lines": 0, "percent_statements_covered": 81.48148148148148, "percent_statements_covered_display": "81", "num_branches": 4, "num_partial_branches": 1, "covered_branches": 1, "missing_branches": 3, "percent_branches_covered": 25.0, "percent_branches_covered_display": "25"}, "missing_lines": [35, 36, 37, 38, 42], "excluded_lines": [], "start_line": 1, "executed_branches": [[31, 32]], "missing_branches": [[31, -28], [35, 3
[...]
_branches": 4, "percent_branches_covered": 0.0, "percent_branches_covered_display": "0"}, "missing_lines": [209, 212, 214, 215, 216, 225, 226, 227, 228, 229, 230, 231, 232, 233, 234, 236], "excluded_lines": [], "start_line": 198, "executed_branches": [], "missing_branches": [[225, 226], [225, 236], [230, 225], [230, 231]]}, "PageBuilder._build_page_from_spec": {"executed_lines": [244, 245, 247, 252, 253, 254, 255, 257, 262, 263, 264, 269, 270], "summary": {"covered_lines": 13, "num_statements": 19, "percent_covered": 65.21739130434783, "percent_covered_display": "65", "missing_lines": 6, "excluded_lines": 0, "percent_statements_covered": 68.42105263157895, "percent_statements_covered_display": "68", "num_branches": 4, "num_partial_branches": 2, "covered_branches": 2, "missing_branches": 2, "percent_branches_covered": 50.0, "percent_branches_covered_display": "50"}, "missing_lines": [248, 249, 250, 265, 266, 267], "excluded_lines": [], "start_line": 238, "executed_branches": [[247, 252], [254, 255]], "missing_branches": [[247, 248], [254, 257]]}, "PageBuilder.build_one": {"executed_lines": [278, 280, 282, 283, 284, 285, 287, 288, 289, 294, 295, 296, 297, 298, 299, 301, 302], "summary": {"covered_lines": 17, "num_statements": 19, "percent_covered": 84.0, "percent_covered_display": "84", "missing_lines": 2, "excluded_lines": 0, "percent_statements_covered": 89.47368421052632, "percent_statements_covered_display": "89", "num_branches": 6, "num_partial_branches": 2, "covered_branches": 4, "missing_branches": 2, "percent_branches_covered": 66.66666666666667, "percent_branches_covered_display": "67"}, "missing_lines": [279, 281], "excluded_lines": [], "start_line": 272, "executed_branches": [[278, 280], [280, 282], [282, 283], [282, 287]], "missing_branches": [[278, 279], [280, 281]]}, "_build_payload": {"executed_lines": [309, 318, 329, 330, 331, 333, 334, 335], "summary": {"covered_lines": 8, "num_statements": 8, "percent_covered": 100.0, "percent_covered_display": "100", "missing_lines": 0, "excluded_lines": 0, "percent_statements_covered": 100.0, "percent_statements_covered_display": "100", "num_branches": 2, "num_partial_branches": 0, "covered_branches": 2, "missing_branches": 0, "percent_branches_covered": 100.0, "percent_branches_covered_display": "100"}, "missing_lines": [], "excluded_lines": [], "start_line": 307, "executed_branches": [[329, 330], [329, 333]], "missing_branches": []}, "_slice_payload": {"executed_lines": [344, 346, 347, 348], "summary": {"covered_lines": 4, "num_statements": 5, "percent_covered": 71.42857142857143, "percent_covered_display": "71", "missing_lines": 1, "excluded_lines": 0, "percent_statements_covered": 80.0, "percent_statements_covered_display": "80", "num_branches": 2, "num_partial_branches": 1, "covered_branches": 1, "missing_branches": 1, "percent_branches_covered": 50.0, "percent_branches_covered_display": "50"}, "missing_lines": [345], "excluded_lines": [], "start_line": 338, "executed_branches": [[344, 346]], "missing_branches": [[344, 345]]}, "_is_pinned": {"executed_lines": [352, 353, 354, 355], "summary": {"covered_lines": 4, "num_statements": 4, "percent_covered": 100.0, "percent_covered_display": "100", "missing_lines": 0, "excluded_lines": 0, "percent_statements_covered": 100.0, "percent_statements_covered_display": "100", "num_branches": 2, "num_partial_branches": 0, "covered_branches": 2, "missing_branches": 0, "percent_branches_covered": 100.0, "percent_branches_covered_display": "100"}, "missing_lines": [], "excluded_lines": [], "start_line": 351, "executed_branches": [[352, 353], [352, 354]], "missing_branches": []}, "_extract_title": {"executed_lines": [359, 360], "summary": {"covered_lines": 2, "num_statements": 2, "percent_covered": 100.0, "percent_covered_display": "100", "missing_lines": 0, "excluded_lines": 0, "percent_statements_covered": 100.0, "percent_statements_covered_display": "100", "num_branches": 0, "num_partial_branches": 0, "covered_branches": 0, "missing_branches": 0, "percent_branches_covered": 100.0, "percent_branches_covered_display": "100"}, "missing_lines": [], "excluded_lines": [], "start_line": 358, "executed_branches": [], "missing_branches": []}, "_parse_llm_response": {"executed_lines": [365, 367, 368, 369, 370], "summary": {"covered_lines": 5, "num_statements": 5, "percent_covered": 100.0, "percent_covered_display": "100", "missing_lines": 0, "excluded_lines": 0, "percent_statements_covered": 100.0, "percent_statements_covered_display": "100", "num_branches": 0, "num_partial_branches": 0, "covered_branches": 0, "missing_branches": 0, "percent_branches_covered": 100.0, "percent_branches_covered_display": "100"}, "missing_lines": [], "excluded_lines": [], "start_line": 363, "executed_branches": [], "missing_branches": []}, "_ensure_frontmatter": {"executed_lines": [374, 376, 377, 378, 379], "summary": {"covered_lines": 5, "num_statements": 6, "percent_covered": 75.0, "percent_covered_display": "75", "missing_lines": 1, "excluded_lines": 0, "percent_statements_covered": 83.33333333333333, "percent_statements_covered_display": "83", "num_branches": 2, "num_partial_branches": 1, "covered_branches": 1, "missing_branches": 1, "percent_branches_covered": 50.0, "percent_branches_covered_display": "50"}, "missing_lines": [375], "excluded_lines": [], "start_line": 373, "executed_branches": [[374, 376]], "missing_branches": [[374, 375]]}, "": {"executed_lines": [2, 4, 5, 6, 8, 9, 11, 14, 26, 168, 176, 189, 198, 238, 272, 307, 338, 351, 358, 363, 373], "summary": {"covered_lines": 21, "num_statements": 21, "percent_covered": 100.0, "percent_covered_display": "100", "missing_lines": 0, "excluded_lines": 0, "percent_statements_covered": 100.0, "percent_statements_covered_display": "100", "num_branches": 0, "num_partial_branches": 0, "covered_branches": 0, "missing_branches": 0, "percent_branches_covered": 100.0, "percent_branches_covered_display": "100"}, "missing_lines": [], "excluded_lines": [], "start_line": 1, "executed_branches": [], "missing_branches": []}}, "classes": {"PageBuilder": {"executed_lines": [183, 184, 185, 186, 187, 191, 192, 193, 194, 195, 196, 244, 245, 247, 252, 253, 254, 255, 257, 262, 263, 264, 269, 270, 278, 280, 282, 283, 284, 285, 287, 288, 289, 294, 295, 296, 297, 298, 299, 301, 302], "summary": {"covered_lines": 41, "num_statements": 65, "percent_covered": 60.24096385542169, "percent_covered_display": "60", "missing_lines": 24, "excluded_lines": 0, "percent_statements_covered": 63.07692307692308, "percent_statements_covered_display": "63", "num_branches": 18, "num_partial_branches": 5, "covered_branches": 9, "missing_branches": 9, "percent_branches_covered": 50.0, "percent_branches_covered_display": "50"}, "missing_lines": [209, 212, 214, 215, 216, 225, 226, 227, 228, 229, 230, 231, 232, 233, 234, 236, 248, 249, 250, 265, 266, 267, 279, 281], "excluded_lines": [], "start_line": 168, "executed_branches": [[192, 193], [192, 196], [194, 195], [247, 252], [254, 255], [278, 280], [280, 282], [282, 283], [282, 287]], "missing_branches": [[194, 192], [225, 226], [225, 236], [230, 225], [230, 231], [247, 248], [254, 257], [278, 279], [280, 281]]}, "": {"executed_lines": [2, 4, 5, 6, 8, 9, 11, 14, 26, 168, 176, 189, 198, 238, 272, 307, 309, 318, 329, 330, 331, 333, 334, 335, 338, 344, 346, 347, 348, 351, 352, 353, 354, 355, 358, 359, 360, 363, 365, 367, 368, 369, 370, 373, 374, 376, 377, 378, 379], "summary": {"covered_lines": 49, "num_statements": 51, "percent_covered": 93.22033898305085, "percent_covered_display": "93", "missing_lines": 2, "excluded_lines": 0, "percent_statements_covered": 96.07843137254902, "percent_statements_covered_display": "96", "num_branches": 8, "num_partial_branches": 2, "covered_branches": 6, "missing_branches": 2, "percent_branches_covered": 75.0, "percent_branches_covered_display": "75"}, "missing_lines": [345, 375], "excluded_lines": [], "start_line": 1, "executed_branches": [[329, 330], [329, 333], [344, 346], [352, 353], [352, 354], [374, 376]], "missing_branches": [[344, 345], [374, 375]]}}}, "src/rekipedia/synthesis/planner.py": {"executed_lines": [2, 4, 5, 6, 7, 8, 9, 11, 12, 14, 16, 111, 114, 115, 116, 117, 121, 122, 124, 125, 126, 130, 133, 137, 139, 142, 148, 149, 150, 153, 156, 157, 159, 171, 173, 174, 175, 176, 179, 180, 181, 186, 187, 188, 196, 197, 205, 206, 211, 212, 213, 214, 215, 216, 217, 218, 219, 220, 221, 223, 224, 225, 249, 252, 253, 254, 255, 258, 259, 260, 263, 268, 273, 279, 284, 289, 309, 311, 312, 313, 315, 342, 352, 353, 362, 363, 372, 373, 379, 380, 381, 382, 383, 384, 386, 387, 388, 389, 390, 391, 392, 393], "summary": {"covered_lines": 102, "num_statements": 130, "percent_covered": 73.5632183908046, "percent_covered_display": "74", "missing_lines": 28, "excluded_lines": 0, "percent_statements_covered": 78.46153846153847, "percent_statements_covered_display": "78", "num_branches": 44, "num_partial_branches": 8, "covered_branches": 26, "missing_branches": 18, "percent_branches_covered": 59.09090909090909, "percent_branches_covered_display": "59"}, "missing_lines": [140, 143, 144, 145, 146, 198, 200, 201, 202, 203, 208, 227, 228, 229, 230, 231, 232, 233, 234, 235, 236, 237, 239, 240, 241, 242, 246, 343], "excluded_lines": [], "executed_branches": [[122, 124], [122, 133], [180, 181], [197, -186], [216, 217], [219, 220], [224, 225], [253, 254], [253, 258], [259, 260], [259, 263], [342, 352], [352, 353], [362, 363], [362, 372], [381, 382], [381, 386], [383, 384], [387, 388], [387, 390], [388, 387], [388, 389], [390, 391], [390, 393], [391, 390], [391, 392]], "missing_branches": [[143, 144], [143, 146], [144, 143], [144, 145], [180, 208], [197, 198], [200, 201], [200, 202], [216, 218], [219, 221], [224, 227], [235, 236], [235, 237], [240, 241], [240, 246], [342, 343], [352, 362], [383, 381]], "functions": {"WikiPlan.__init__": {"executed_lines": [115, 116, 117, 121, 122, 124, 125, 126, 130, 133, 137], "summary": {"covered_lines": 11, "num_statements": 11, "percent_covered": 100.0, "percent_covered_display": "100", "missing_lines": 0, "excluded_lines": 0, "percent_statements_covered": 100.0, "percent_statements_covered_display": "100", "num_branches": 2, "num_partial_branches": 0, "covered_branches": 2, "missing_branches": 0, "percent_branches_covered": 100.0, "percent_branches_covered_display": "100"}, "missing_lines": [], "excluded_lines": [], "start_line": 114, "executed_branches": [[122, 124], [122, 133]], "missing_branches": []}, "WikiPlan.get_page": {"executed_lines": [], "summary": {"covered_lines": 0, "num_statements": 1, "percent_covered": 0.0, "percent_covered_display": "0", "missing_lines": 1, "excluded_lines": 0, "percent_statements_covered": 0.0, "percent_statements_covered_display": "0", "num_branches": 0, "num_partial_branches": 0, "covered_branches": 0, "missing_branches": 0, "percent_branches_covered": 100.0, "percent_branches_covered_display": "100"}, "missing_lines": [140], "excluded_lines": [], "start_line": 139, "executed_branches": [], "missing_branches": []}, "WikiPlan.get_section_for": {"executed_lines": [], "summary": {"covered_lines": 0, "num_statements": 4, "percent_covered": 0.0, "percent_covered_display": "0", "missing_lines": 4, "excluded_lines": 0, "percent_statements_covered": 0.0, "percent_statements_covered_display": "0", "num_branches": 4, "num_partial_branches": 0, "covered_branches": 0, "missing_branches": 4, "percent_branches_covered": 0.0, "percent_branches_covered_display": "0"}, "missing_lines": [143, 144, 145, 146], "excluded_lines": [], "start_line": 142, "executed_branches": [], "missing_branches": [[143, 144], [143, 146], [144, 143], [144, 145]]}, "WikiPlan.__repr__": {"executed_lines": [149, 150], "summary": {"covered_lines": 2, "num_statements": 2, "percent_covered": 100.0, "percent_covered_display": "100", "missing_lines": 0, "excluded_lines": 0, "percent_statements_covered": 100.0, "percent_statements_covered_display": "100", "num_branches": 0, "num_partial_branches": 0, "covered_branches": 0, "missing_branches": 0, "percent_branches_covered": 100.0, "percent_branches_covered_display": "100"}, "missing_lines": [], "excluded_lines": [], "start_line": 148, "executed_branches": [], "missing_branches": []}, "PlannerAgent.__init__": {"executed_lines": [157], "summary": {"covered_lines": 1, "num_statements": 1, "percent_covered": 100.0, "percent_covered_display": "100", "missing_lines": 0, "excluded_lines": 0, "percent_statements_covered": 100.0, "percent_statements_covered_display": "100", "num_branches": 0, "num_partial_branches": 0, "covered_branches": 0, "missing_branches": 0, "percent_branches_covered": 100.0, "percent_branches_covered_display": "100"}, "missing_lines": [], "excluded_lines": [], "start_line": 156, "executed_branches": [], "missing_branches": []}, "PlannerAgent.plan": {"executed_lines": [171, 173, 174, 175, 176, 179, 180, 181, 186, 205, 206, 211, 212, 213, 214, 215, 216, 217, 218, 219, 220, 221, 223, 224, 225], "summary": {"covered_lines": 25, "num_statements": 42, "percent_covered": 53.7037037037037, "percent_covered_display": "54", "missing_lines": 17, "excluded_lines": 0, "percent_statements_covered": 59.523809523809526, "percent_statements_covered_display": "60", "num_branches": 12, "num_partial_branches": 4, "covered_branches": 4, "missing_branches": 8, "percent_branches_covered": 33.333333333333336, "percent_branches_covered_display": "33"}, "missing_lines": [208, 227, 228, 229, 230, 231, 232, 233, 234, 235, 236, 237, 239, 240, 241, 242, 246], "excluded_lines": [], "start_line": 159, "executed_branches": [[180, 181], [216, 217], [219, 220], [224, 225]], "missing_branches": [[180, 208], [216, 218], [219, 221], [224, 227], [235, 236], [235, 237], [240, 241], [240, 246]]}, "PlannerAgent.plan._heartbeat": {"executed_lines": [187, 188, 196, 197], "summary": {"covered_lines": 4, "num_statements": 9, "percent_covered": 38.46153846153846, "percent_covered_display": "38", "missing_lines": 5, "excluded_lines": 0, "percent_statements_covered": 44.44444444444444, "percent_statements_covered_display": "44", "num_branches": 4, "num_partial_branches": 1, "covered_branches": 1, "missing_branches": 3, "percent_branches_covered": 25.0, "percent_branches_covered_display": "25"}, "missing_lines": [198, 200, 201, 202, 203], "excluded_lines": [], "start_line": 186, "executed_branches": [[197, -186]], "missing_branches": [[197, 198], [200, 201], [200, 202]]}, "_build_planning_summary": {"executed_lines": [252, 253, 254, 255, 258, 259, 260, 263, 268, 273, 279, 284, 289], "summary": {"covered_lines": 13, "num_statements": 13, "percent_covered": 100.0, "percent_covered_display": "100", "missing_lines": 0, "excluded_lines": 0, "percent_statements_covered": 100.0, "percent_statements_covered_display": "100", "num_branches": 4, "num_partial_branches": 0, "covered_branches": 4, "missing_branches": 0, "percent_branches_covered": 100.0, "percent_branches_covered_display": "100"}, "missing_lines": [], "excluded_lines": [], "start_line": 249, "executed_branches": [[253, 254], [253, 258], [259, 260], [259, 263]], "missing_branches": []}, "_default_plan": {"executed_lines": [311, 312, 313, 315, 342, 352, 353, 362, 363, 372, 373, 379, 380, 381, 382, 383, 384, 386, 387, 388, 389, 390, 391, 392, 393], "summary": {"covered_lines": 25, "num_statements": 26, "percent_covered": 90.9090909090909, "percent_covered_display": "91", "missing_lines": 1, "excluded_lines": 0, "percent_statements_covered": 96.15384615384616, "percent_statements_covered_display": "96", "num_branches": 18, "num_partial_branches": 3, "covered_branches": 15, "missing_branches": 3, "percent_branches_covered": 83.33333333333333, "percent_branches_covered_display": "83"}, "missing_lines": [343], "excluded_lines": [], "start_line": 309, "executed_branches": [[342, 352], [352, 353], [362, 363], [362, 372], [381, 382], [381, 386], [383, 384], [387, 388], [387, 390], [388, 387], [388, 389], [390, 391], [390, 393], [391, 390], [391, 392]], "missing_branches": [[342, 343], [352, 362], [383, 381]]}, "": {"executed_lines": [2, 4, 5, 6, 7, 8, 9, 11, 12, 14, 16, 111, 114, 139, 142, 148, 153, 156, 159, 249, 309], "summary": {"covered_lines": 21, "num_statements": 21, "percent_covered": 100.0, "percent_covered_display": "100", "missing_lines": 0, "excluded_lines": 0, "percent_statements_covered": 100.0, "percent_statements_covered_display": "100", "num_branches": 0, "num_partial_branches": 0, "covered_branches": 0, "missing_branches": 0, "percent_branches_covered": 100.0, "percent_branches_covered_display": "100"}, "missing_lines": [], "excluded_lines": [], "start_line": 1, "executed_branches": [], "missing_branches": []}}, "classes": {"WikiPlan": {"executed_lines": [115, 116, 117, 121, 122, 124, 125, 126, 130, 133, 137, 149, 150], "summary": {"covered_lines": 13, "num_statements": 18, "percent_covered": 62.5, "percent_covered_display": "62", "missing_lines": 5, "excluded_lines": 0, "percent_statements_covered": 72.22222222222223, "percent_statements_covered_display": "72", "num_branches": 6, "num_partial_branches": 0, "covered_branches": 2, "missing_branches": 4, "percent_branches_covered": 33.333333333333336, "percent_branches_covered_display": "33"}, "missing_lines": [140, 143, 144, 145, 146], "excluded_lines": [], "start_line": 111, "executed_branches": [[122, 124], [122, 133]], "missing_branches": [[143, 144], [143, 146], [144, 143], [144, 145]]}, "PlannerAgent": {"executed_lines": [157, 171, 173, 174, 175, 176, 179, 180, 181, 186, 187, 188, 196, 197, 205, 206, 211, 212, 213, 214, 215, 216, 217, 218, 219, 220, 221, 223, 224, 225], "summary": {"covered_lines": 30, "num_statements": 52, "percent_covered": 51.470588235294116, "percent_covered_display": "51", "missing_lines": 22, "excluded_lines": 0, "percent_statements_covered": 57.69230769230769, "percent_statements_covered_display": "58", "num_branches": 16, "num_partial_branches": 5, "covered_branches": 5, "missing_branches": 11, "percent_branches_covered": 31.25, "percent_branches_covered_display": "31"}, "missing_lines": [198, 200, 201, 202, 203, 208, 227, 228, 229, 230, 231, 232, 233, 234, 235, 236, 237, 239, 240, 241, 242, 246], "excluded_lines": [], "start_line": 153, "executed_branches": [[180, 181], [197, -186], [216, 217], [219, 220], [224, 225]], "missing_branches": [[180, 208], [197, 198], [200, 201], [200, 202], [216, 218], [219, 221], [224, 227], [235, 236], [235, 237], [240, 241], [240, 246]]}, "": {"executed_lines": [2, 4, 5, 6, 7, 8, 9, 11, 12, 14, 16, 111, 114, 139, 142, 148, 153, 156, 159, 249, 252, 253, 254, 255, 258, 259, 260, 263, 268, 273, 279, 284, 289, 309, 311, 312, 313, 315, 342, 352, 353, 362, 363, 372, 373, 379, 380, 381, 382, 383, 384, 386, 387, 388, 389, 390, 391, 392, 393], "summary": {"covered_lines": 59, "num_statements": 60, "percent_covered": 95.1219512195122, "percent_covered_display": "95", "missing_lines": 1, "excluded_lines": 0, "percent_statements_covered": 98.33333333333333, "percent_statements_covered_display": "98", "num_branches": 22, "num_partial_branches": 3, "covered_branches": 19, "missing_branches": 3, "percent_branches_covered": 86.36363636363636, "percent_branches_covered_display": "86"}, "missing_lines": [343], "excluded_lines": [], "start_line": 1, "executed_branches": [[253, 254], [253, 258], [259, 260], [259, 263], [342, 352], [352, 353], [362, 363], [362, 372], [381, 382], [381, 386], [383, 384], [387, 388], [387, 390], [388, 387], [388, 389], [390, 391], [390, 393], [391, 390], [391, 392]], "missing_branches": [[342, 343], [352, 362], [383, 381]]}}}}, "totals": {"covered_lines": 1553, "num_statements": 2111, "percent_covered": 69.93611424276588, "percent_covered_display": "70", "missing_lines": 558, "excluded_lines": 7, "percent_statements_covered": 73.56702984367598, "percent_statements_covered_display": "74", "num_branches": 550, "num_partial_branches": 108, "covered_branches": 308, "missing_branches": 242, "percent_branches_covered": 56.0, "percent_branches_covered_display": "56"}}